{"D:\\ai\\ai-platform-web\\src\\App.tsx": {"path":"D:\\ai\\ai-platform-web\\src\\App.tsx","statementMap":{"0":{"start":{"line":15,"column":18},"end":{"line":15,"column":null}},"1":{"start":{"line":15,"column":29},"end":{"line":15,"column":null}},"2":{"start":{"line":16,"column":18},"end":{"line":16,"column":null}},"3":{"start":{"line":16,"column":29},"end":{"line":16,"column":null}},"4":{"start":{"line":17,"column":23},"end":{"line":17,"column":null}},"5":{"start":{"line":17,"column":34},"end":{"line":17,"column":null}},"6":{"start":{"line":18,"column":23},"end":{"line":18,"column":null}},"7":{"start":{"line":18,"column":34},"end":{"line":18,"column":null}},"8":{"start":{"line":19,"column":15},"end":{"line":19,"column":null}},"9":{"start":{"line":19,"column":26},"end":{"line":19,"column":null}},"10":{"start":{"line":20,"column":22},"end":{"line":20,"column":null}},"11":{"start":{"line":20,"column":33},"end":{"line":20,"column":null}},"12":{"start":{"line":21,"column":16},"end":{"line":21,"column":null}},"13":{"start":{"line":21,"column":27},"end":{"line":21,"column":null}},"14":{"start":{"line":22,"column":18},"end":{"line":22,"column":null}},"15":{"start":{"line":22,"column":29},"end":{"line":22,"column":null}},"16":{"start":{"line":23,"column":20},"end":{"line":23,"column":null}},"17":{"start":{"line":23,"column":31},"end":{"line":23,"column":null}},"18":{"start":{"line":24,"column":14},"end":{"line":24,"column":null}},"19":{"start":{"line":24,"column":25},"end":{"line":24,"column":null}},"20":{"start":{"line":25,"column":17},"end":{"line":25,"column":null}},"21":{"start":{"line":25,"column":28},"end":{"line":25,"column":null}},"22":{"start":{"line":26,"column":14},"end":{"line":26,"column":null}},"23":{"start":{"line":26,"column":25},"end":{"line":26,"column":null}},"24":{"start":{"line":27,"column":14},"end":{"line":27,"column":null}},"25":{"start":{"line":27,"column":25},"end":{"line":27,"column":null}},"26":{"start":{"line":30,"column":21},"end":{"line":30,"column":null}},"27":{"start":{"line":30,"column":32},"end":{"line":30,"column":null}},"28":{"start":{"line":33,"column":24},"end":{"line":33,"column":null}},"29":{"start":{"line":33,"column":35},"end":{"line":33,"column":null}},"30":{"start":{"line":34,"column":22},"end":{"line":34,"column":null}},"31":{"start":{"line":34,"column":33},"end":{"line":34,"column":null}},"32":{"start":{"line":35,"column":22},"end":{"line":35,"column":null}},"33":{"start":{"line":35,"column":33},"end":{"line":35,"column":null}},"34":{"start":{"line":36,"column":21},"end":{"line":36,"column":null}},"35":{"start":{"line":36,"column":32},"end":{"line":36,"column":null}},"36":{"start":{"line":37,"column":20},"end":{"line":37,"column":null}},"37":{"start":{"line":37,"column":31},"end":{"line":37,"column":null}},"38":{"start":{"line":38,"column":23},"end":{"line":38,"column":null}},"39":{"start":{"line":38,"column":34},"end":{"line":38,"column":null}},"40":{"start":{"line":39,"column":24},"end":{"line":39,"column":null}},"41":{"start":{"line":39,"column":35},"end":{"line":39,"column":null}},"42":{"start":{"line":51,"column":6},"end":{"line":108,"column":null}},"43":{"start":{"line":56,"column":26},"end":{"line":56,"column":null}},"44":{"start":{"line":56,"column":46},"end":{"line":56,"column":63}},"45":{"start":{"line":57,"column":18},"end":{"line":57,"column":null}},"46":{"start":{"line":57,"column":38},"end":{"line":57,"column":47}},"47":{"start":{"line":58,"column":24},"end":{"line":58,"column":null}},"48":{"start":{"line":58,"column":44},"end":{"line":58,"column":59}},"49":{"start":{"line":59,"column":19},"end":{"line":59,"column":31}},"50":{"start":{"line":61,"column":2},"end":{"line":63,"column":null}},"51":{"start":{"line":62,"column":4},"end":{"line":62,"column":null}},"52":{"start":{"line":65,"column":2},"end":{"line":84,"column":null}},"53":{"start":{"line":66,"column":4},"end":{"line":82,"column":null}},"54":{"start":{"line":86,"column":2},"end":{"line":105,"column":null}},"55":{"start":{"line":87,"column":4},"end":{"line":103,"column":null}},"56":{"start":{"line":107,"column":2},"end":{"line":107,"column":null}},"57":{"start":{"line":110,"column":6},"end":{"line":128,"column":null}},"58":{"start":{"line":111,"column":2},"end":{"line":128,"column":null}},"59":{"start":{"line":131,"column":6},"end":{"line":194,"column":null}},"60":{"start":{"line":132,"column":2},"end":{"line":192,"column":null}}},"fnMap":{"0":{"name":"(anonymous_0)","decl":{"start":{"line":15,"column":18},"end":{"line":15,"column":29}},"loc":{"start":{"line":15,"column":29},"end":{"line":15,"column":null}},"line":15},"1":{"name":"(anonymous_1)","decl":{"start":{"line":16,"column":18},"end":{"line":16,"column":29}},"loc":{"start":{"line":16,"column":29},"end":{"line":16,"column":null}},"line":16},"2":{"name":"(anonymous_2)","decl":{"start":{"line":17,"column":23},"end":{"line":17,"column":34}},"loc":{"start":{"line":17,"column":34},"end":{"line":17,"column":null}},"line":17},"3":{"name":"(anonymous_3)","decl":{"start":{"line":18,"column":23},"end":{"line":18,"column":34}},"loc":{"start":{"line":18,"column":34},"end":{"line":18,"column":null}},"line":18},"4":{"name":"(anonymous_4)","decl":{"start":{"line":19,"column":15},"end":{"line":19,"column":26}},"loc":{"start":{"line":19,"column":26},"end":{"line":19,"column":null}},"line":19},"5":{"name":"(anonymous_5)","decl":{"start":{"line":20,"column":22},"end":{"line":20,"column":33}},"loc":{"start":{"line":20,"column":33},"end":{"line":20,"column":null}},"line":20},"6":{"name":"(anonymous_6)","decl":{"start":{"line":21,"column":16},"end":{"line":21,"column":27}},"loc":{"start":{"line":21,"column":27},"end":{"line":21,"column":null}},"line":21},"7":{"name":"(anonymous_7)","decl":{"start":{"line":22,"column":18},"end":{"line":22,"column":29}},"loc":{"start":{"line":22,"column":29},"end":{"line":22,"column":null}},"line":22},"8":{"name":"(anonymous_8)","decl":{"start":{"line":23,"column":20},"end":{"line":23,"column":31}},"loc":{"start":{"line":23,"column":31},"end":{"line":23,"column":null}},"line":23},"9":{"name":"(anonymous_9)","decl":{"start":{"line":24,"column":14},"end":{"line":24,"column":25}},"loc":{"start":{"line":24,"column":25},"end":{"line":24,"column":null}},"line":24},"10":{"name":"(anonymous_10)","decl":{"start":{"line":25,"column":17},"end":{"line":25,"column":28}},"loc":{"start":{"line":25,"column":28},"end":{"line":25,"column":null}},"line":25},"11":{"name":"(anonymous_11)","decl":{"start":{"line":26,"column":14},"end":{"line":26,"column":25}},"loc":{"start":{"line":26,"column":25},"end":{"line":26,"column":null}},"line":26},"12":{"name":"(anonymous_12)","decl":{"start":{"line":27,"column":14},"end":{"line":27,"column":25}},"loc":{"start":{"line":27,"column":25},"end":{"line":27,"column":null}},"line":27},"13":{"name":"(anonymous_13)","decl":{"start":{"line":30,"column":21},"end":{"line":30,"column":32}},"loc":{"start":{"line":30,"column":32},"end":{"line":30,"column":null}},"line":30},"14":{"name":"(anonymous_14)","decl":{"start":{"line":33,"column":24},"end":{"line":33,"column":35}},"loc":{"start":{"line":33,"column":35},"end":{"line":33,"column":null}},"line":33},"15":{"name":"(anonymous_15)","decl":{"start":{"line":34,"column":22},"end":{"line":34,"column":33}},"loc":{"start":{"line":34,"column":33},"end":{"line":34,"column":null}},"line":34},"16":{"name":"(anonymous_16)","decl":{"start":{"line":35,"column":22},"end":{"line":35,"column":33}},"loc":{"start":{"line":35,"column":33},"end":{"line":35,"column":null}},"line":35},"17":{"name":"(anonymous_17)","decl":{"start":{"line":36,"column":21},"end":{"line":36,"column":32}},"loc":{"start":{"line":36,"column":32},"end":{"line":36,"column":null}},"line":36},"18":{"name":"(anonymous_18)","decl":{"start":{"line":37,"column":20},"end":{"line":37,"column":31}},"loc":{"start":{"line":37,"column":31},"end":{"line":37,"column":null}},"line":37},"19":{"name":"(anonymous_19)","decl":{"start":{"line":38,"column":23},"end":{"line":38,"column":34}},"loc":{"start":{"line":38,"column":34},"end":{"line":38,"column":null}},"line":38},"20":{"name":"(anonymous_20)","decl":{"start":{"line":39,"column":24},"end":{"line":39,"column":35}},"loc":{"start":{"line":39,"column":35},"end":{"line":39,"column":null}},"line":39},"21":{"name":"(anonymous_21)","decl":{"start":{"line":51,"column":6},"end":{"line":51,"column":55}},"loc":{"start":{"line":55,"column":6},"end":{"line":108,"column":null}},"line":55},"22":{"name":"(anonymous_22)","decl":{"start":{"line":56,"column":26},"end":{"line":56,"column":40}},"loc":{"start":{"line":56,"column":46},"end":{"line":56,"column":63}},"line":56},"23":{"name":"(anonymous_23)","decl":{"start":{"line":57,"column":18},"end":{"line":57,"column":32}},"loc":{"start":{"line":57,"column":38},"end":{"line":57,"column":47}},"line":57},"24":{"name":"(anonymous_24)","decl":{"start":{"line":58,"column":24},"end":{"line":58,"column":38}},"loc":{"start":{"line":58,"column":44},"end":{"line":58,"column":59}},"line":58},"25":{"name":"(anonymous_25)","decl":{"start":{"line":110,"column":6},"end":{"line":110,"column":null}},"loc":{"start":{"line":111,"column":2},"end":{"line":128,"column":null}},"line":111},"26":{"name":"(anonymous_26)","decl":{"start":{"line":131,"column":6},"end":{"line":131,"column":28}},"loc":{"start":{"line":131,"column":28},"end":{"line":194,"column":null}},"line":131}},"branchMap":{"0":{"loc":{"start":{"line":61,"column":2},"end":{"line":63,"column":null}},"type":"if","locations":[{"start":{"line":61,"column":2},"end":{"line":63,"column":null}},{"start":{},"end":{}}],"line":61},"1":{"loc":{"start":{"line":65,"column":2},"end":{"line":84,"column":null}},"type":"if","locations":[{"start":{"line":65,"column":2},"end":{"line":84,"column":null}},{"start":{},"end":{}}],"line":65},"2":{"loc":{"start":{"line":65,"column":6},"end":{"line":65,"column":76}},"type":"binary-expr","locations":[{"start":{"line":65,"column":6},"end":{"line":65,"column":22}},{"start":{"line":65,"column":22},"end":{"line":65,"column":48}},{"start":{"line":65,"column":48},"end":{"line":65,"column":76}}],"line":65},"3":{"loc":{"start":{"line":86,"column":2},"end":{"line":105,"column":null}},"type":"if","locations":[{"start":{"line":86,"column":2},"end":{"line":105,"column":null}},{"start":{},"end":{}}],"line":86},"4":{"loc":{"start":{"line":86,"column":6},"end":{"line":86,"column":64}},"type":"binary-expr","locations":[{"start":{"line":86,"column":6},"end":{"line":86,"column":28}},{"start":{"line":86,"column":28},"end":{"line":86,"column":64}}],"line":86}},"s":{"0":1,"1":1,"2":1,"3":1,"4":1,"5":1,"6":1,"7":0,"8":1,"9":0,"10":1,"11":0,"12":1,"13":0,"14":1,"15":0,"16":1,"17":0,"18":1,"19":0,"20":1,"21":0,"22":1,"23":0,"24":1,"25":0,"26":1,"27":0,"28":1,"29":0,"30":1,"31":0,"32":1,"33":0,"34":1,"35":0,"36":1,"37":0,"38":1,"39":0,"40":1,"41":0,"42":1,"43":7,"44":7,"45":7,"46":7,"47":7,"48":7,"49":7,"50":7,"51":2,"52":5,"53":0,"54":5,"55":0,"56":5,"57":1,"58":3,"59":1,"60":6},"f":{"0":1,"1":1,"2":1,"3":0,"4":0,"5":0,"6":0,"7":0,"8":0,"9":0,"10":0,"11":0,"12":0,"13":0,"14":0,"15":0,"16":0,"17":0,"18":0,"19":0,"20":0,"21":7,"22":7,"23":7,"24":7,"25":3,"26":6},"b":{"0":[2,5],"1":[0,5],"2":[5,0,0],"3":[0,5],"4":[5,0]},"meta":{"lastBranch":5,"lastFunction":27,"lastStatement":61,"seen":{"s:15:18:15:Infinity":0,"f:15:18:15:29":0,"s:15:29:15:Infinity":1,"s:16:18:16:Infinity":2,"f:16:18:16:29":1,"s:16:29:16:Infinity":3,"s:17:23:17:Infinity":4,"f:17:23:17:34":2,"s:17:34:17:Infinity":5,"s:18:23:18:Infinity":6,"f:18:23:18:34":3,"s:18:34:18:Infinity":7,"s:19:15:19:Infinity":8,"f:19:15:19:26":4,"s:19:26:19:Infinity":9,"s:20:22:20:Infinity":10,"f:20:22:20:33":5,"s:20:33:20:Infinity":11,"s:21:16:21:Infinity":12,"f:21:16:21:27":6,"s:21:27:21:Infinity":13,"s:22:18:22:Infinity":14,"f:22:18:22:29":7,"s:22:29:22:Infinity":15,"s:23:20:23:Infinity":16,"f:23:20:23:31":8,"s:23:31:23:Infinity":17,"s:24:14:24:Infinity":18,"f:24:14:24:25":9,"s:24:25:24:Infinity":19,"s:25:17:25:Infinity":20,"f:25:17:25:28":10,"s:25:28:25:Infinity":21,"s:26:14:26:Infinity":22,"f:26:14:26:25":11,"s:26:25:26:Infinity":23,"s:27:14:27:Infinity":24,"f:27:14:27:25":12,"s:27:25:27:Infinity":25,"s:30:21:30:Infinity":26,"f:30:21:30:32":13,"s:30:32:30:Infinity":27,"s:33:24:33:Infinity":28,"f:33:24:33:35":14,"s:33:35:33:Infinity":29,"s:34:22:34:Infinity":30,"f:34:22:34:33":15,"s:34:33:34:Infinity":31,"s:35:22:35:Infinity":32,"f:35:22:35:33":16,"s:35:33:35:Infinity":33,"s:36:21:36:Infinity":34,"f:36:21:36:32":17,"s:36:32:36:Infinity":35,"s:37:20:37:Infinity":36,"f:37:20:37:31":18,"s:37:31:37:Infinity":37,"s:38:23:38:Infinity":38,"f:38:23:38:34":19,"s:38:34:38:Infinity":39,"s:39:24:39:Infinity":40,"f:39:24:39:35":20,"s:39:35:39:Infinity":41,"s:51:6:108:Infinity":42,"f:51:6:51:55":21,"s:56:26:56:Infinity":43,"f:56:26:56:40":22,"s:56:46:56:63":44,"s:57:18:57:Infinity":45,"f:57:18:57:32":23,"s:57:38:57:47":46,"s:58:24:58:Infinity":47,"f:58:24:58:38":24,"s:58:44:58:59":48,"s:59:19:59:31":49,"b:61:2:63:Infinity:undefined:undefined:undefined:undefined":0,"s:61:2:63:Infinity":50,"s:62:4:62:Infinity":51,"b:65:2:84:Infinity:undefined:undefined:undefined:undefined":1,"s:65:2:84:Infinity":52,"b:65:6:65:22:65:22:65:48:65:48:65:76":2,"s:66:4:82:Infinity":53,"b:86:2:105:Infinity:undefined:undefined:undefined:undefined":3,"s:86:2:105:Infinity":54,"b:86:6:86:28:86:28:86:64":4,"s:87:4:103:Infinity":55,"s:107:2:107:Infinity":56,"s:110:6:128:Infinity":57,"f:110:6:110:Infinity":25,"s:111:2:128:Infinity":58,"s:131:6:194:Infinity":59,"f:131:6:131:28":26,"s:132:2:192:Infinity":60},"fnNames":{}}}
,"D:\\ai\\ai-platform-web\\src\\api\\client.ts": {"path":"D:\\ai\\ai-platform-web\\src\\api\\client.ts","statementMap":{"0":{"start":{"line":8,"column":17},"end":{"line":8,"column":null}},"1":{"start":{"line":13,"column":19},"end":{"line":13,"column":null}},"2":{"start":{"line":14,"column":54},"end":{"line":14,"column":null}},"3":{"start":{"line":17,"column":2},"end":{"line":17,"column":null}},"4":{"start":{"line":17,"column":37},"end":{"line":17,"column":49}},"5":{"start":{"line":18,"column":2},"end":{"line":18,"column":null}},"6":{"start":{"line":22,"column":2},"end":{"line":22,"column":null}},"7":{"start":{"line":29,"column":23},"end":{"line":29,"column":null}},"8":{"start":{"line":30,"column":2},"end":{"line":30,"column":null}},"9":{"start":{"line":30,"column":21},"end":{"line":30,"column":null}},"10":{"start":{"line":32,"column":2},"end":{"line":44,"column":null}},"11":{"start":{"line":33,"column":17},"end":{"line":35,"column":null}},"12":{"start":{"line":36,"column":17},"end":{"line":36,"column":null}},"13":{"start":{"line":37,"column":4},"end":{"line":40,"column":null}},"14":{"start":{"line":38,"column":6},"end":{"line":38,"column":null}},"15":{"start":{"line":39,"column":6},"end":{"line":39,"column":null}},"16":{"start":{"line":41,"column":4},"end":{"line":41,"column":null}},"17":{"start":{"line":43,"column":4},"end":{"line":43,"column":null}},"18":{"start":{"line":51,"column":4},"end":{"line":55,"column":null}},"19":{"start":{"line":58,"column":4},"end":{"line":64,"column":null}},"20":{"start":{"line":59,"column":20},"end":{"line":59,"column":null}},"21":{"start":{"line":60,"column":6},"end":{"line":62,"column":null}},"22":{"start":{"line":61,"column":8},"end":{"line":61,"column":null}},"23":{"start":{"line":63,"column":6},"end":{"line":63,"column":null}},"24":{"start":{"line":67,"column":4},"end":{"line":147,"column":null}},"25":{"start":{"line":68,"column":20},"end":{"line":68,"column":null}},"26":{"start":{"line":70,"column":23},"end":{"line":70,"column":null}},"27":{"start":{"line":71,"column":32},"end":{"line":71,"column":null}},"28":{"start":{"line":76,"column":8},"end":{"line":123,"column":null}},"29":{"start":{"line":82,"column":31},"end":{"line":82,"column":null}},"30":{"start":{"line":83,"column":10},"end":{"line":110,"column":null}},"31":{"start":{"line":84,"column":12},"end":{"line":84,"column":null}},"32":{"start":{"line":86,"column":12},"end":{"line":94,"column":null}},"33":{"start":{"line":88,"column":14},"end":{"line":93,"column":null}},"34":{"start":{"line":89,"column":16},"end":{"line":92,"column":null}},"35":{"start":{"line":90,"column":18},"end":{"line":90,"column":null}},"36":{"start":{"line":91,"column":18},"end":{"line":91,"column":null}},"37":{"start":{"line":96,"column":12},"end":{"line":96,"column":null}},"38":{"start":{"line":97,"column":12},"end":{"line":109,"column":null}},"39":{"start":{"line":98,"column":31},"end":{"line":98,"column":null}},"40":{"start":{"line":99,"column":14},"end":{"line":104,"column":null}},"41":{"start":{"line":100,"column":16},"end":{"line":100,"column":null}},"42":{"start":{"line":101,"column":16},"end":{"line":101,"column":null}},"43":{"start":{"line":102,"column":16},"end":{"line":102,"column":null}},"44":{"start":{"line":103,"column":16},"end":{"line":103,"column":null}},"45":{"start":{"line":108,"column":14},"end":{"line":108,"column":null}},"46":{"start":{"line":113,"column":24},"end":{"line":113,"column":null}},"47":{"start":{"line":114,"column":10},"end":{"line":121,"column":null}},"48":{"start":{"line":115,"column":12},"end":{"line":115,"column":null}},"49":{"start":{"line":116,"column":12},"end":{"line":116,"column":null}},"50":{"start":{"line":117,"column":12},"end":{"line":120,"column":null}},"51":{"start":{"line":118,"column":14},"end":{"line":118,"column":null}},"52":{"start":{"line":119,"column":14},"end":{"line":119,"column":null}},"53":{"start":{"line":122,"column":10},"end":{"line":122,"column":null}},"54":{"start":{"line":126,"column":8},"end":{"line":128,"column":null}},"55":{"start":{"line":127,"column":10},"end":{"line":127,"column":null}},"56":{"start":{"line":131,"column":8},"end":{"line":134,"column":null}},"57":{"start":{"line":132,"column":10},"end":{"line":132,"column":null}},"58":{"start":{"line":133,"column":10},"end":{"line":133,"column":null}},"59":{"start":{"line":137,"column":8},"end":{"line":139,"column":null}},"60":{"start":{"line":138,"column":10},"end":{"line":138,"column":null}},"61":{"start":{"line":141,"column":21},"end":{"line":141,"column":null}},"62":{"start":{"line":142,"column":20},"end":{"line":142,"column":null}},"63":{"start":{"line":143,"column":8},"end":{"line":143,"column":null}},"64":{"start":{"line":145,"column":8},"end":{"line":145,"column":null}},"65":{"start":{"line":157,"column":17},"end":{"line":157,"column":null}},"66":{"start":{"line":158,"column":4},"end":{"line":158,"column":null}},"67":{"start":{"line":162,"column":17},"end":{"line":162,"column":null}},"68":{"start":{"line":163,"column":4},"end":{"line":163,"column":null}},"69":{"start":{"line":167,"column":17},"end":{"line":167,"column":null}},"70":{"start":{"line":168,"column":4},"end":{"line":168,"column":null}},"71":{"start":{"line":172,"column":17},"end":{"line":172,"column":null}},"72":{"start":{"line":173,"column":4},"end":{"line":173,"column":null}},"73":{"start":{"line":177,"column":17},"end":{"line":177,"column":null}},"74":{"start":{"line":178,"column":4},"end":{"line":178,"column":null}},"75":{"start":{"line":182,"column":21},"end":{"line":182,"column":null}},"76":{"start":{"line":183,"column":4},"end":{"line":183,"column":null}},"77":{"start":{"line":184,"column":17},"end":{"line":186,"column":null}},"78":{"start":{"line":187,"column":4},"end":{"line":187,"column":null}},"79":{"start":{"line":200,"column":17},"end":{"line":200,"column":null}},"80":{"start":{"line":201,"column":19},"end":{"line":201,"column":null}},"81":{"start":{"line":203,"column":10},"end":{"line":203,"column":null}},"82":{"start":{"line":203,"column":26},"end":{"line":203,"column":null}},"83":{"start":{"line":204,"column":4},"end":{"line":204,"column":null}},"84":{"start":{"line":206,"column":18},"end":{"line":206,"column":null}},"85":{"start":{"line":208,"column":21},"end":{"line":208,"column":null}},"86":{"start":{"line":209,"column":10},"end":{"line":214,"column":null}},"87":{"start":{"line":210,"column":6},"end":{"line":213,"column":null}},"88":{"start":{"line":211,"column":8},"end":{"line":211,"column":null}},"89":{"start":{"line":212,"column":8},"end":{"line":212,"column":null}},"90":{"start":{"line":216,"column":4},"end":{"line":234,"column":null}},"91":{"start":{"line":217,"column":6},"end":{"line":225,"column":null}},"92":{"start":{"line":227,"column":6},"end":{"line":229,"column":null}},"93":{"start":{"line":228,"column":8},"end":{"line":228,"column":null}},"94":{"start":{"line":230,"column":6},"end":{"line":230,"column":null}},"95":{"start":{"line":231,"column":6},"end":{"line":231,"column":null}},"96":{"start":{"line":233,"column":6},"end":{"line":233,"column":null}},"97":{"start":{"line":236,"column":4},"end":{"line":246,"column":null}},"98":{"start":{"line":238,"column":8},"end":{"line":242,"column":null}},"99":{"start":{"line":243,"column":6},"end":{"line":243,"column":null}},"100":{"start":{"line":244,"column":6},"end":{"line":244,"column":null}},"101":{"start":{"line":245,"column":6},"end":{"line":245,"column":null}},"102":{"start":{"line":248,"column":19},"end":{"line":248,"column":null}},"103":{"start":{"line":249,"column":4},"end":{"line":253,"column":null}},"104":{"start":{"line":250,"column":6},"end":{"line":250,"column":null}},"105":{"start":{"line":251,"column":6},"end":{"line":251,"column":null}},"106":{"start":{"line":252,"column":6},"end":{"line":252,"column":null}},"107":{"start":{"line":255,"column":20},"end":{"line":255,"column":null}},"108":{"start":{"line":256,"column":17},"end":{"line":256,"column":null}},"109":{"start":{"line":258,"column":4},"end":{"line":290,"column":null}},"110":{"start":{"line":259,"column":6},"end":{"line":283,"column":null}},"111":{"start":{"line":260,"column":32},"end":{"line":260,"column":null}},"112":{"start":{"line":261,"column":8},"end":{"line":261,"column":null}},"113":{"start":{"line":261,"column":18},"end":{"line":261,"column":null}},"114":{"start":{"line":263,"column":8},"end":{"line":263,"column":null}},"115":{"start":{"line":264,"column":22},"end":{"line":264,"column":null}},"116":{"start":{"line":265,"column":8},"end":{"line":265,"column":null}},"117":{"start":{"line":267,"column":8},"end":{"line":282,"column":null}},"118":{"start":{"line":268,"column":10},"end":{"line":281,"column":null}},"119":{"start":{"line":269,"column":28},"end":{"line":269,"column":null}},"120":{"start":{"line":270,"column":12},"end":{"line":273,"column":null}},"121":{"start":{"line":271,"column":14},"end":{"line":271,"column":null}},"122":{"start":{"line":272,"column":14},"end":{"line":272,"column":null}},"123":{"start":{"line":274,"column":12},"end":{"line":280,"column":null}},"124":{"start":{"line":275,"column":28},"end":{"line":275,"column":null}},"125":{"start":{"line":276,"column":30},"end":{"line":276,"column":null}},"126":{"start":{"line":277,"column":14},"end":{"line":277,"column":null}},"127":{"start":{"line":277,"column":27},"end":{"line":277,"column":null}},"128":{"start":{"line":285,"column":6},"end":{"line":287,"column":null}},"129":{"start":{"line":286,"column":8},"end":{"line":286,"column":null}},"130":{"start":{"line":289,"column":6},"end":{"line":289,"column":null}},"131":{"start":{"line":291,"column":4},"end":{"line":291,"column":null}},"132":{"start":{"line":295,"column":19},"end":{"line":295,"column":null}}},"fnMap":{"0":{"name":"onTokenRefreshed","decl":{"start":{"line":16,"column":9},"end":{"line":16,"column":26}},"loc":{"start":{"line":16,"column":44},"end":{"line":19,"column":null}},"line":16},"1":{"name":"(anonymous_1)","decl":{"start":{"line":17,"column":21},"end":{"line":17,"column":30}},"loc":{"start":{"line":17,"column":37},"end":{"line":17,"column":49}},"line":17},"2":{"name":"addRefreshSubscriber","decl":{"start":{"line":21,"column":9},"end":{"line":21,"column":30}},"loc":{"start":{"line":21,"column":59},"end":{"line":23,"column":null}},"line":21},"3":{"name":"refreshAccessToken","decl":{"start":{"line":28,"column":15},"end":{"line":28,"column":60}},"loc":{"start":{"line":28,"column":60},"end":{"line":45,"column":null}},"line":28},"4":{"name":"constructor","decl":{"start":{"line":50,"column":2},"end":{"line":50,"column":16}},"loc":{"start":{"line":50,"column":16},"end":{"line":148,"column":null}},"line":50},"5":{"name":"(anonymous_5)","decl":{"start":{"line":58,"column":37},"end":{"line":58,"column":42}},"loc":{"start":{"line":58,"column":53},"end":{"line":64,"column":5}},"line":58},"6":{"name":"(anonymous_6)","decl":{"start":{"line":67,"column":38},"end":{"line":67,"column":null}},"loc":{"start":{"line":68,"column":20},"end":{"line":68,"column":null}},"line":68},"7":{"name":"(anonymous_7)","decl":{"start":{"line":69,"column":6},"end":{"line":69,"column":13}},"loc":{"start":{"line":69,"column":35},"end":{"line":146,"column":null}},"line":69},"8":{"name":"(anonymous_8)","decl":{"start":{"line":88,"column":25},"end":{"line":88,"column":34}},"loc":{"start":{"line":88,"column":46},"end":{"line":93,"column":15}},"line":88},"9":{"name":"(anonymous_9)","decl":{"start":{"line":89,"column":16},"end":{"line":89,"column":38}},"loc":{"start":{"line":89,"column":59},"end":{"line":92,"column":17}},"line":89},"10":{"name":"get","decl":{"start":{"line":152,"column":8},"end":{"line":152,"column":null}},"loc":{"start":{"line":156,"column":29},"end":{"line":159,"column":null}},"line":156},"11":{"name":"getRaw","decl":{"start":{"line":161,"column":8},"end":{"line":161,"column":18}},"loc":{"start":{"line":161,"column":99},"end":{"line":164,"column":null}},"line":161},"12":{"name":"post","decl":{"start":{"line":166,"column":8},"end":{"line":166,"column":16}},"loc":{"start":{"line":166,"column":70},"end":{"line":169,"column":null}},"line":166},"13":{"name":"put","decl":{"start":{"line":171,"column":8},"end":{"line":171,"column":15}},"loc":{"start":{"line":171,"column":69},"end":{"line":174,"column":null}},"line":171},"14":{"name":"delete","decl":{"start":{"line":176,"column":8},"end":{"line":176,"column":18}},"loc":{"start":{"line":176,"column":56},"end":{"line":179,"column":null}},"line":176},"15":{"name":"upload","decl":{"start":{"line":181,"column":8},"end":{"line":181,"column":18}},"loc":{"start":{"line":181,"column":68},"end":{"line":188,"column":null}},"line":181},"16":{"name":"streamChat","decl":{"start":{"line":192,"column":8},"end":{"line":192,"column":null}},"loc":{"start":{"line":199,"column":19},"end":{"line":292,"column":null}},"line":199},"17":{"name":"(anonymous_17)","decl":{"start":{"line":203,"column":10},"end":{"line":203,"column":26}},"loc":{"start":{"line":203,"column":26},"end":{"line":203,"column":null}},"line":203},"18":{"name":"(anonymous_18)","decl":{"start":{"line":209,"column":10},"end":{"line":209,"column":27}},"loc":{"start":{"line":209,"column":27},"end":{"line":214,"column":null}},"line":209}},"branchMap":{"0":{"loc":{"start":{"line":8,"column":17},"end":{"line":8,"column":null}},"type":"binary-expr","locations":[{"start":{"line":8,"column":17},"end":{"line":8,"column":54}},{"start":{"line":8,"column":54},"end":{"line":8,"column":null}}],"line":8},"1":{"loc":{"start":{"line":30,"column":2},"end":{"line":30,"column":null}},"type":"if","locations":[{"start":{"line":30,"column":2},"end":{"line":30,"column":null}},{"start":{},"end":{}}],"line":30},"2":{"loc":{"start":{"line":37,"column":4},"end":{"line":40,"column":null}},"type":"if","locations":[{"start":{"line":37,"column":4},"end":{"line":40,"column":null}},{"start":{},"end":{}}],"line":37},"3":{"loc":{"start":{"line":37,"column":8},"end":{"line":37,"column":44}},"type":"binary-expr","locations":[{"start":{"line":37,"column":8},"end":{"line":37,"column":23}},{"start":{"line":37,"column":23},"end":{"line":37,"column":44}}],"line":37},"4":{"loc":{"start":{"line":60,"column":6},"end":{"line":62,"column":null}},"type":"if","locations":[{"start":{"line":60,"column":6},"end":{"line":62,"column":null}},{"start":{},"end":{}}],"line":60},"5":{"loc":{"start":{"line":76,"column":8},"end":{"line":123,"column":null}},"type":"if","locations":[{"start":{"line":76,"column":8},"end":{"line":123,"column":null}},{"start":{},"end":{}}],"line":76},"6":{"loc":{"start":{"line":77,"column":10},"end":{"line":80,"column":null}},"type":"binary-expr","locations":[{"start":{"line":77,"column":10},"end":{"line":77,"column":null}},{"start":{"line":78,"column":10},"end":{"line":78,"column":null}},{"start":{"line":79,"column":10},"end":{"line":79,"column":null}},{"start":{"line":80,"column":10},"end":{"line":80,"column":null}}],"line":77},"7":{"loc":{"start":{"line":83,"column":10},"end":{"line":110,"column":null}},"type":"if","locations":[{"start":{"line":83,"column":10},"end":{"line":110,"column":null}},{"start":{},"end":{}}],"line":83},"8":{"loc":{"start":{"line":86,"column":12},"end":{"line":94,"column":null}},"type":"if","locations":[{"start":{"line":86,"column":12},"end":{"line":94,"column":null}},{"start":{},"end":{}}],"line":86},"9":{"loc":{"start":{"line":99,"column":14},"end":{"line":104,"column":null}},"type":"if","locations":[{"start":{"line":99,"column":14},"end":{"line":104,"column":null}},{"start":{},"end":{}}],"line":99},"10":{"loc":{"start":{"line":114,"column":10},"end":{"line":121,"column":null}},"type":"if","locations":[{"start":{"line":114,"column":10},"end":{"line":121,"column":null}},{"start":{},"end":{}}],"line":114},"11":{"loc":{"start":{"line":117,"column":12},"end":{"line":120,"column":null}},"type":"if","locations":[{"start":{"line":117,"column":12},"end":{"line":120,"column":null}},{"start":{},"end":{}}],"line":117},"12":{"loc":{"start":{"line":126,"column":8},"end":{"line":128,"column":null}},"type":"if","locations":[{"start":{"line":126,"column":8},"end":{"line":128,"column":null}},{"start":{},"end":{}}],"line":126},"13":{"loc":{"start":{"line":131,"column":8},"end":{"line":134,"column":null}},"type":"if","locations":[{"start":{"line":131,"column":8},"end":{"line":134,"column":null}},{"start":{},"end":{}}],"line":131},"14":{"loc":{"start":{"line":137,"column":8},"end":{"line":139,"column":null}},"type":"if","locations":[{"start":{"line":137,"column":8},"end":{"line":139,"column":null}},{"start":{},"end":{}}],"line":137},"15":{"loc":{"start":{"line":142,"column":20},"end":{"line":142,"column":null}},"type":"binary-expr","locations":[{"start":{"line":142,"column":20},"end":{"line":142,"column":37}},{"start":{"line":142,"column":37},"end":{"line":142,"column":54}},{"start":{"line":142,"column":54},"end":{"line":142,"column":null}}],"line":142},"16":{"loc":{"start":{"line":201,"column":19},"end":{"line":201,"column":null}},"type":"binary-expr","locations":[{"start":{"line":201,"column":19},"end":{"line":201,"column":37}},{"start":{"line":201,"column":37},"end":{"line":201,"column":null}}],"line":201},"17":{"loc":{"start":{"line":210,"column":6},"end":{"line":213,"column":null}},"type":"if","locations":[{"start":{"line":210,"column":6},"end":{"line":213,"column":null}},{"start":{},"end":{}}],"line":210},"18":{"loc":{"start":{"line":227,"column":6},"end":{"line":229,"column":null}},"type":"if","locations":[{"start":{"line":227,"column":6},"end":{"line":229,"column":null}},{"start":{},"end":{}}],"line":227},"19":{"loc":{"start":{"line":236,"column":4},"end":{"line":246,"column":null}},"type":"if","locations":[{"start":{"line":236,"column":4},"end":{"line":246,"column":null}},{"start":{},"end":{}}],"line":236},"20":{"loc":{"start":{"line":238,"column":8},"end":{"line":242,"column":null}},"type":"cond-expr","locations":[{"start":{"line":239,"column":12},"end":{"line":239,"column":null}},{"start":{"line":240,"column":12},"end":{"line":242,"column":null}}],"line":238},"21":{"loc":{"start":{"line":240,"column":12},"end":{"line":242,"column":null}},"type":"cond-expr","locations":[{"start":{"line":241,"column":14},"end":{"line":241,"column":null}},{"start":{"line":242,"column":14},"end":{"line":242,"column":null}}],"line":240},"22":{"loc":{"start":{"line":249,"column":4},"end":{"line":253,"column":null}},"type":"if","locations":[{"start":{"line":249,"column":4},"end":{"line":253,"column":null}},{"start":{},"end":{}}],"line":249},"23":{"loc":{"start":{"line":261,"column":8},"end":{"line":261,"column":null}},"type":"if","locations":[{"start":{"line":261,"column":8},"end":{"line":261,"column":null}},{"start":{},"end":{}}],"line":261},"24":{"loc":{"start":{"line":265,"column":17},"end":{"line":265,"column":null}},"type":"binary-expr","locations":[{"start":{"line":265,"column":17},"end":{"line":265,"column":32}},{"start":{"line":265,"column":32},"end":{"line":265,"column":null}}],"line":265},"25":{"loc":{"start":{"line":268,"column":10},"end":{"line":281,"column":null}},"type":"if","locations":[{"start":{"line":268,"column":10},"end":{"line":281,"column":null}},{"start":{},"end":{}}],"line":268},"26":{"loc":{"start":{"line":270,"column":12},"end":{"line":273,"column":null}},"type":"if","locations":[{"start":{"line":270,"column":12},"end":{"line":273,"column":null}},{"start":{},"end":{}}],"line":270},"27":{"loc":{"start":{"line":277,"column":14},"end":{"line":277,"column":null}},"type":"if","locations":[{"start":{"line":277,"column":14},"end":{"line":277,"column":null}},{"start":{},"end":{}}],"line":277},"28":{"loc":{"start":{"line":285,"column":6},"end":{"line":287,"column":null}},"type":"if","locations":[{"start":{"line":285,"column":6},"end":{"line":287,"column":null}},{"start":{},"end":{}}],"line":285}},"s":{"0":25,"1":25,"2":25,"3":0,"4":0,"5":0,"6":0,"7":0,"8":0,"9":0,"10":0,"11":0,"12":0,"13":0,"14":0,"15":0,"16":0,"17":0,"18":25,"19":25,"20":2,"21":2,"22":1,"23":2,"24":25,"25":1,"26":7,"27":7,"28":7,"29":2,"30":2,"31":0,"32":0,"33":0,"34":0,"35":0,"36":0,"37":0,"38":0,"39":0,"40":0,"41":0,"42":0,"43":0,"44":0,"45":0,"46":2,"47":2,"48":2,"49":2,"50":2,"51":1,"52":1,"53":2,"54":5,"55":1,"56":4,"57":1,"58":1,"59":3,"60":1,"61":2,"62":7,"63":7,"64":7,"65":1,"66":1,"67":1,"68":1,"69":1,"70":1,"71":1,"72":1,"73":1,"74":1,"75":1,"76":1,"77":1,"78":1,"79":7,"80":7,"81":7,"82":0,"83":7,"84":7,"85":7,"86":7,"87":7,"88":7,"89":7,"90":7,"91":7,"92":2,"93":1,"94":2,"95":2,"96":7,"97":5,"98":2,"99":2,"100":2,"101":2,"102":3,"103":7,"104":0,"105":0,"106":0,"107":3,"108":3,"109":3,"110":3,"111":7,"112":7,"113":0,"114":7,"115":7,"116":7,"117":7,"118":7,"119":7,"120":7,"121":3,"122":3,"123":4,"124":4,"125":4,"126":7,"127":3,"128":0,"129":0,"130":3,"131":0,"132":25},"f":{"0":0,"1":0,"2":0,"3":0,"4":25,"5":2,"6":1,"7":7,"8":0,"9":0,"10":1,"11":1,"12":1,"13":1,"14":1,"15":1,"16":7,"17":0,"18":7},"b":{"0":[25,0],"1":[0,0],"2":[0,0],"3":[0,0],"4":[1,1],"5":[2,5],"6":[7,2,2,2],"7":[0,2],"8":[0,0],"9":[0,0],"10":[2,0],"11":[1,1],"12":[1,4],"13":[1,3],"14":[1,2],"15":[7,1,0],"16":[7,7],"17":[7,0],"18":[1,1],"19":[2,3],"20":[1,1],"21":[1,0],"22":[0,7],"23":[0,7],"24":[7,7],"25":[7,0],"26":[3,4],"27":[3,4],"28":[0,0]},"meta":{"lastBranch":29,"lastFunction":19,"lastStatement":133,"seen":{"s:8:17:8:Infinity":0,"b:8:17:8:54:8:54:8:Infinity":0,"s:13:19:13:Infinity":1,"s:14:54:14:Infinity":2,"f:16:9:16:26":0,"s:17:2:17:Infinity":3,"f:17:21:17:30":1,"s:17:37:17:49":4,"s:18:2:18:Infinity":5,"f:21:9:21:30":2,"s:22:2:22:Infinity":6,"f:28:15:28:60":3,"s:29:23:29:Infinity":7,"b:30:2:30:Infinity:undefined:undefined:undefined:undefined":1,"s:30:2:30:Infinity":8,"s:30:21:30:Infinity":9,"s:32:2:44:Infinity":10,"s:33:17:35:Infinity":11,"s:36:17:36:Infinity":12,"b:37:4:40:Infinity:undefined:undefined:undefined:undefined":2,"s:37:4:40:Infinity":13,"b:37:8:37:23:37:23:37:44":3,"s:38:6:38:Infinity":14,"s:39:6:39:Infinity":15,"s:41:4:41:Infinity":16,"s:43:4:43:Infinity":17,"f:50:2:50:16":4,"s:51:4:55:Infinity":18,"s:58:4:64:Infinity":19,"f:58:37:58:42":5,"s:59:20:59:Infinity":20,"b:60:6:62:Infinity:undefined:undefined:undefined:undefined":4,"s:60:6:62:Infinity":21,"s:61:8:61:Infinity":22,"s:63:6:63:Infinity":23,"s:67:4:147:Infinity":24,"f:67:38:67:Infinity":6,"s:68:20:68:Infinity":25,"f:69:6:69:13":7,"s:70:23:70:Infinity":26,"s:71:32:71:Infinity":27,"b:76:8:123:Infinity:undefined:undefined:undefined:undefined":5,"s:76:8:123:Infinity":28,"b:77:10:77:Infinity:78:10:78:Infinity:79:10:79:Infinity:80:10:80:Infinity":6,"s:82:31:82:Infinity":29,"b:83:10:110:Infinity:undefined:undefined:undefined:undefined":7,"s:83:10:110:Infinity":30,"s:84:12:84:Infinity":31,"b:86:12:94:Infinity:undefined:undefined:undefined:undefined":8,"s:86:12:94:Infinity":32,"s:88:14:93:Infinity":33,"f:88:25:88:34":8,"s:89:16:92:Infinity":34,"f:89:16:89:38":9,"s:90:18:90:Infinity":35,"s:91:18:91:Infinity":36,"s:96:12:96:Infinity":37,"s:97:12:109:Infinity":38,"s:98:31:98:Infinity":39,"b:99:14:104:Infinity:undefined:undefined:undefined:undefined":9,"s:99:14:104:Infinity":40,"s:100:16:100:Infinity":41,"s:101:16:101:Infinity":42,"s:102:16:102:Infinity":43,"s:103:16:103:Infinity":44,"s:108:14:108:Infinity":45,"s:113:24:113:Infinity":46,"b:114:10:121:Infinity:undefined:undefined:undefined:undefined":10,"s:114:10:121:Infinity":47,"s:115:12:115:Infinity":48,"s:116:12:116:Infinity":49,"b:117:12:120:Infinity:undefined:undefined:undefined:undefined":11,"s:117:12:120:Infinity":50,"s:118:14:118:Infinity":51,"s:119:14:119:Infinity":52,"s:122:10:122:Infinity":53,"b:126:8:128:Infinity:undefined:undefined:undefined:undefined":12,"s:126:8:128:Infinity":54,"s:127:10:127:Infinity":55,"b:131:8:134:Infinity:undefined:undefined:undefined:undefined":13,"s:131:8:134:Infinity":56,"s:132:10:132:Infinity":57,"s:133:10:133:Infinity":58,"b:137:8:139:Infinity:undefined:undefined:undefined:undefined":14,"s:137:8:139:Infinity":59,"s:138:10:138:Infinity":60,"s:141:21:141:Infinity":61,"s:142:20:142:Infinity":62,"b:142:20:142:37:142:37:142:54:142:54:142:Infinity":15,"s:143:8:143:Infinity":63,"s:145:8:145:Infinity":64,"f:152:8:152:Infinity":10,"s:157:17:157:Infinity":65,"s:158:4:158:Infinity":66,"f:161:8:161:18":11,"s:162:17:162:Infinity":67,"s:163:4:163:Infinity":68,"f:166:8:166:16":12,"s:167:17:167:Infinity":69,"s:168:4:168:Infinity":70,"f:171:8:171:15":13,"s:172:17:172:Infinity":71,"s:173:4:173:Infinity":72,"f:176:8:176:18":14,"s:177:17:177:Infinity":73,"s:178:4:178:Infinity":74,"f:181:8:181:18":15,"s:182:21:182:Infinity":75,"s:183:4:183:Infinity":76,"s:184:17:186:Infinity":77,"s:187:4:187:Infinity":78,"f:192:8:192:Infinity":16,"s:200:17:200:Infinity":79,"s:201:19:201:Infinity":80,"b:201:19:201:37:201:37:201:Infinity":16,"s:203:10:203:Infinity":81,"f:203:10:203:26":17,"s:203:26:203:Infinity":82,"s:204:4:204:Infinity":83,"s:206:18:206:Infinity":84,"s:208:21:208:Infinity":85,"s:209:10:214:Infinity":86,"f:209:10:209:27":18,"b:210:6:213:Infinity:undefined:undefined:undefined:undefined":17,"s:210:6:213:Infinity":87,"s:211:8:211:Infinity":88,"s:212:8:212:Infinity":89,"s:216:4:234:Infinity":90,"s:217:6:225:Infinity":91,"b:227:6:229:Infinity:undefined:undefined:undefined:undefined":18,"s:227:6:229:Infinity":92,"s:228:8:228:Infinity":93,"s:230:6:230:Infinity":94,"s:231:6:231:Infinity":95,"s:233:6:233:Infinity":96,"b:236:4:246:Infinity:undefined:undefined:undefined:undefined":19,"s:236:4:246:Infinity":97,"s:238:8:242:Infinity":98,"b:239:12:239:Infinity:240:12:242:Infinity":20,"b:241:14:241:Infinity:242:14:242:Infinity":21,"s:243:6:243:Infinity":99,"s:244:6:244:Infinity":100,"s:245:6:245:Infinity":101,"s:248:19:248:Infinity":102,"b:249:4:253:Infinity:undefined:undefined:undefined:undefined":22,"s:249:4:253:Infinity":103,"s:250:6:250:Infinity":104,"s:251:6:251:Infinity":105,"s:252:6:252:Infinity":106,"s:255:20:255:Infinity":107,"s:256:17:256:Infinity":108,"s:258:4:290:Infinity":109,"s:259:6:283:Infinity":110,"s:260:32:260:Infinity":111,"b:261:8:261:Infinity:undefined:undefined:undefined:undefined":23,"s:261:8:261:Infinity":112,"s:261:18:261:Infinity":113,"s:263:8:263:Infinity":114,"s:264:22:264:Infinity":115,"s:265:8:265:Infinity":116,"b:265:17:265:32:265:32:265:Infinity":24,"s:267:8:282:Infinity":117,"b:268:10:281:Infinity:undefined:undefined:undefined:undefined":25,"s:268:10:281:Infinity":118,"s:269:28:269:Infinity":119,"b:270:12:273:Infinity:undefined:undefined:undefined:undefined":26,"s:270:12:273:Infinity":120,"s:271:14:271:Infinity":121,"s:272:14:272:Infinity":122,"s:274:12:280:Infinity":123,"s:275:28:275:Infinity":124,"s:276:30:276:Infinity":125,"b:277:14:277:Infinity:undefined:undefined:undefined:undefined":27,"s:277:14:277:Infinity":126,"s:277:27:277:Infinity":127,"b:285:6:287:Infinity:undefined:undefined:undefined:undefined":28,"s:285:6:287:Infinity":128,"s:286:8:286:Infinity":129,"s:289:6:289:Infinity":130,"s:291:4:291:Infinity":131,"s:295:19:295:Infinity":132},"fnNames":{}}}
,"D:\\ai\\ai-platform-web\\src\\components\\AnimatedNumber.tsx": {"path":"D:\\ai\\ai-platform-web\\src\\components\\AnimatedNumber.tsx","statementMap":{"0":{"start":{"line":20,"column":2},"end":{"line":20,"column":null}},"1":{"start":{"line":23,"column":6},"end":{"line":72,"column":null}},"2":{"start":{"line":30,"column":42},"end":{"line":30,"column":null}},"3":{"start":{"line":31,"column":20},"end":{"line":31,"column":null}},"4":{"start":{"line":32,"column":17},"end":{"line":32,"column":null}},"5":{"start":{"line":34,"column":2},"end":{"line":63,"column":null}},"6":{"start":{"line":35,"column":23},"end":{"line":35,"column":null}},"7":{"start":{"line":36,"column":17},"end":{"line":36,"column":null}},"8":{"start":{"line":37,"column":4},"end":{"line":37,"column":null}},"9":{"start":{"line":37,"column":20},"end":{"line":37,"column":null}},"10":{"start":{"line":39,"column":22},"end":{"line":39,"column":null}},"11":{"start":{"line":41,"column":10},"end":{"line":54,"column":null}},"12":{"start":{"line":42,"column":22},"end":{"line":42,"column":null}},"13":{"start":{"line":43,"column":23},"end":{"line":43,"column":null}},"14":{"start":{"line":44,"column":28},"end":{"line":44,"column":null}},"15":{"start":{"line":45,"column":22},"end":{"line":45,"column":null}},"16":{"start":{"line":47,"column":6},"end":{"line":47,"column":null}},"17":{"start":{"line":49,"column":6},"end":{"line":53,"column":null}},"18":{"start":{"line":50,"column":8},"end":{"line":50,"column":null}},"19":{"start":{"line":52,"column":8},"end":{"line":52,"column":null}},"20":{"start":{"line":56,"column":4},"end":{"line":56,"column":null}},"21":{"start":{"line":58,"column":4},"end":{"line":62,"column":null}},"22":{"start":{"line":59,"column":6},"end":{"line":61,"column":null}},"23":{"start":{"line":60,"column":8},"end":{"line":60,"column":null}},"24":{"start":{"line":65,"column":20},"end":{"line":65,"column":null}},"25":{"start":{"line":67,"column":2},"end":{"line":70,"column":null}}},"fnMap":{"0":{"name":"easeOutExpo","decl":{"start":{"line":19,"column":9},"end":{"line":19,"column":21}},"loc":{"start":{"line":19,"column":40},"end":{"line":21,"column":null}},"line":19},"1":{"name":"(anonymous_1)","decl":{"start":{"line":23,"column":6},"end":{"line":23,"column":55}},"loc":{"start":{"line":29,"column":6},"end":{"line":72,"column":null}},"line":29},"2":{"name":"(anonymous_2)","decl":{"start":{"line":34,"column":2},"end":{"line":34,"column":18}},"loc":{"start":{"line":34,"column":18},"end":{"line":63,"column":5}},"line":34},"3":{"name":"(anonymous_3)","decl":{"start":{"line":41,"column":10},"end":{"line":41,"column":21}},"loc":{"start":{"line":41,"column":45},"end":{"line":54,"column":null}},"line":41},"4":{"name":"(anonymous_4)","decl":{"start":{"line":58,"column":4},"end":{"line":58,"column":17}},"loc":{"start":{"line":58,"column":17},"end":{"line":62,"column":null}},"line":58}},"branchMap":{"0":{"loc":{"start":{"line":20,"column":9},"end":{"line":20,"column":null}},"type":"cond-expr","locations":[{"start":{"line":20,"column":19},"end":{"line":20,"column":23}},{"start":{"line":20,"column":23},"end":{"line":20,"column":null}}],"line":20},"1":{"loc":{"start":{"line":25,"column":2},"end":{"line":25,"column":null}},"type":"default-arg","locations":[{"start":{"line":25,"column":13},"end":{"line":25,"column":null}}],"line":25},"2":{"loc":{"start":{"line":37,"column":4},"end":{"line":37,"column":null}},"type":"if","locations":[{"start":{"line":37,"column":4},"end":{"line":37,"column":null}},{"start":{},"end":{}}],"line":37},"3":{"loc":{"start":{"line":49,"column":6},"end":{"line":53,"column":null}},"type":"if","locations":[{"start":{"line":49,"column":6},"end":{"line":53,"column":null}},{"start":{"line":51,"column":13},"end":{"line":53,"column":null}}],"line":49},"4":{"loc":{"start":{"line":59,"column":6},"end":{"line":61,"column":null}},"type":"if","locations":[{"start":{"line":59,"column":6},"end":{"line":61,"column":null}},{"start":{},"end":{}}],"line":59},"5":{"loc":{"start":{"line":65,"column":20},"end":{"line":65,"column":null}},"type":"cond-expr","locations":[{"start":{"line":65,"column":29},"end":{"line":65,"column":52}},{"start":{"line":65,"column":52},"end":{"line":65,"column":null}}],"line":65}},"s":{"0":16,"1":4,"2":19,"3":19,"4":19,"5":19,"6":10,"7":10,"8":10,"9":0,"10":10,"11":10,"12":16,"13":16,"14":16,"15":16,"16":16,"17":16,"18":9,"19":7,"20":10,"21":10,"22":10,"23":10,"24":19,"25":19},"f":{"0":16,"1":19,"2":10,"3":16,"4":10},"b":{"0":[7,9],"1":[19],"2":[0,10],"3":[9,7],"4":[10,0],"5":[2,17]},"meta":{"lastBranch":6,"lastFunction":5,"lastStatement":26,"seen":{"f:19:9:19:21":0,"s:20:2:20:Infinity":0,"b:20:19:20:23:20:23:20:Infinity":0,"s:23:6:72:Infinity":1,"f:23:6:23:55":1,"b:25:13:25:Infinity":1,"s:30:42:30:Infinity":2,"s:31:20:31:Infinity":3,"s:32:17:32:Infinity":4,"s:34:2:63:Infinity":5,"f:34:2:34:18":2,"s:35:23:35:Infinity":6,"s:36:17:36:Infinity":7,"b:37:4:37:Infinity:undefined:undefined:undefined:undefined":2,"s:37:4:37:Infinity":8,"s:37:20:37:Infinity":9,"s:39:22:39:Infinity":10,"s:41:10:54:Infinity":11,"f:41:10:41:21":3,"s:42:22:42:Infinity":12,"s:43:23:43:Infinity":13,"s:44:28:44:Infinity":14,"s:45:22:45:Infinity":15,"s:47:6:47:Infinity":16,"b:49:6:53:Infinity:51:13:53:Infinity":3,"s:49:6:53:Infinity":17,"s:50:8:50:Infinity":18,"s:52:8:52:Infinity":19,"s:56:4:56:Infinity":20,"s:58:4:62:Infinity":21,"f:58:4:58:17":4,"b:59:6:61:Infinity:undefined:undefined:undefined:undefined":4,"s:59:6:61:Infinity":22,"s:60:8:60:Infinity":23,"s:65:20:65:Infinity":24,"b:65:29:65:52:65:52:65:Infinity":5,"s:67:2:70:Infinity":25},"fnNames":{}}}
,"D:\\ai\\ai-platform-web\\src\\components\\Breadcrumb.tsx": {"path":"D:\\ai\\ai-platform-web\\src\\components\\Breadcrumb.tsx","statementMap":{"0":{"start":{"line":46,"column":2},"end":{"line":53,"column":null}},"1":{"start":{"line":47,"column":4},"end":{"line":47,"column":null}},"2":{"start":{"line":52,"column":4},"end":{"line":52,"column":null}},"3":{"start":{"line":54,"column":34},"end":{"line":54,"column":null}},"4":{"start":{"line":56,"column":2},"end":{"line":66,"column":null}},"5":{"start":{"line":57,"column":19},"end":{"line":57,"column":null}},"6":{"start":{"line":58,"column":4},"end":{"line":58,"column":null}},"7":{"start":{"line":58,"column":24},"end":{"line":58,"column":null}},"8":{"start":{"line":61,"column":6},"end":{"line":63,"column":null}},"9":{"start":{"line":65,"column":4},"end":{"line":65,"column":null}},"10":{"start":{"line":68,"column":2},"end":{"line":68,"column":null}},"11":{"start":{"line":71,"column":6},"end":{"line":104,"column":null}},"12":{"start":{"line":73,"column":4},"end":{"line":76,"column":null}},"13":{"start":{"line":79,"column":2},"end":{"line":99,"column":null}},"14":{"start":{"line":80,"column":4},"end":{"line":97,"column":null}},"15":{"start":{"line":90,"column":10},"end":{"line":90,"column":null}},"16":{"start":{"line":93,"column":10},"end":{"line":93,"column":null}},"17":{"start":{"line":101,"column":2},"end":{"line":102,"column":null}},"18":{"start":{"line":106,"column":6},"end":{"line":115,"column":null}},"19":{"start":{"line":107,"column":17},"end":{"line":107,"column":null}},"20":{"start":{"line":110,"column":2},"end":{"line":112,"column":null}},"21":{"start":{"line":111,"column":4},"end":{"line":111,"column":null}},"22":{"start":{"line":114,"column":2},"end":{"line":114,"column":null}},"23":{"start":{"line":118,"column":6},"end":{"line":124,"column":null}},"24":{"start":{"line":121,"column":16},"end":{"line":121,"column":null}},"25":{"start":{"line":122,"column":2},"end":{"line":122,"column":null}},"26":{"start":{"line":122,"column":26},"end":{"line":122,"column":null}},"27":{"start":{"line":123,"column":2},"end":{"line":123,"column":null}},"28":{"start":{"line":127,"column":6},"end":{"line":177,"column":null}},"29":{"start":{"line":131,"column":2},"end":{"line":131,"column":null}},"30":{"start":{"line":131,"column":26},"end":{"line":131,"column":null}},"31":{"start":{"line":133,"column":2},"end":{"line":175,"column":null}},"32":{"start":{"line":158,"column":10},"end":{"line":158,"column":null}},"33":{"start":{"line":161,"column":10},"end":{"line":161,"column":null}},"34":{"start":{"line":168,"column":8},"end":{"line":173,"column":null}}},"fnMap":{"0":{"name":"useAutoCrumbs","decl":{"start":{"line":44,"column":9},"end":{"line":44,"column":43}},"loc":{"start":{"line":44,"column":43},"end":{"line":69,"column":null}},"line":44},"1":{"name":"(anonymous_1)","decl":{"start":{"line":71,"column":6},"end":{"line":71,"column":27}},"loc":{"start":{"line":71,"column":85},"end":{"line":104,"column":null}},"line":71},"2":{"name":"(anonymous_2)","decl":{"start":{"line":89,"column":8},"end":{"line":89,"column":23}},"loc":{"start":{"line":89,"column":29},"end":{"line":91,"column":null}},"line":89},"3":{"name":"(anonymous_3)","decl":{"start":{"line":92,"column":8},"end":{"line":92,"column":23}},"loc":{"start":{"line":92,"column":29},"end":{"line":94,"column":null}},"line":92},"4":{"name":"(anonymous_4)","decl":{"start":{"line":106,"column":6},"end":{"line":106,"column":47}},"loc":{"start":{"line":106,"column":88},"end":{"line":115,"column":null}},"line":106},"5":{"name":"(anonymous_5)","decl":{"start":{"line":118,"column":6},"end":{"line":118,"column":108}},"loc":{"start":{"line":120,"column":6},"end":{"line":124,"column":null}},"line":120},"6":{"name":"(anonymous_6)","decl":{"start":{"line":127,"column":6},"end":{"line":127,"column":null}},"loc":{"start":{"line":130,"column":32},"end":{"line":177,"column":null}},"line":130},"7":{"name":"(anonymous_7)","decl":{"start":{"line":157,"column":8},"end":{"line":157,"column":23}},"loc":{"start":{"line":157,"column":29},"end":{"line":159,"column":null}},"line":157},"8":{"name":"(anonymous_8)","decl":{"start":{"line":160,"column":8},"end":{"line":160,"column":23}},"loc":{"start":{"line":160,"column":29},"end":{"line":162,"column":null}},"line":160},"9":{"name":"(anonymous_9)","decl":{"start":{"line":167,"column":13},"end":{"line":167,"column":18}},"loc":{"start":{"line":168,"column":8},"end":{"line":173,"column":null}},"line":168}},"branchMap":{"0":{"loc":{"start":{"line":58,"column":4},"end":{"line":58,"column":null}},"type":"if","locations":[{"start":{"line":58,"column":4},"end":{"line":58,"column":null}},{"start":{},"end":{}}],"line":58},"1":{"loc":{"start":{"line":61,"column":6},"end":{"line":63,"column":null}},"type":"cond-expr","locations":[{"start":{"line":62,"column":10},"end":{"line":62,"column":null}},{"start":{"line":63,"column":10},"end":{"line":63,"column":null}}],"line":61},"2":{"loc":{"start":{"line":79,"column":2},"end":{"line":99,"column":null}},"type":"if","locations":[{"start":{"line":79,"column":2},"end":{"line":99,"column":null}},{"start":{},"end":{}}],"line":79},"3":{"loc":{"start":{"line":107,"column":17},"end":{"line":107,"column":null}},"type":"binary-expr","locations":[{"start":{"line":107,"column":17},"end":{"line":107,"column":31}},{"start":{"line":107,"column":31},"end":{"line":107,"column":null}}],"line":107},"4":{"loc":{"start":{"line":110,"column":2},"end":{"line":112,"column":null}},"type":"if","locations":[{"start":{"line":110,"column":2},"end":{"line":112,"column":null}},{"start":{},"end":{}}],"line":110},"5":{"loc":{"start":{"line":122,"column":2},"end":{"line":122,"column":null}},"type":"if","locations":[{"start":{"line":122,"column":2},"end":{"line":122,"column":null}},{"start":{},"end":{}}],"line":122},"6":{"loc":{"start":{"line":131,"column":2},"end":{"line":131,"column":null}},"type":"if","locations":[{"start":{"line":131,"column":2},"end":{"line":131,"column":null}},{"start":{},"end":{}}],"line":131},"7":{"loc":{"start":{"line":168,"column":29},"end":{"line":168,"column":null}},"type":"binary-expr","locations":[{"start":{"line":168,"column":29},"end":{"line":168,"column":40}},{"start":{"line":168,"column":40},"end":{"line":168,"column":null}}],"line":168}},"s":{"0":1,"1":1,"2":1,"3":0,"4":0,"5":0,"6":0,"7":0,"8":0,"9":0,"10":0,"11":4,"12":93,"13":93,"14":6,"15":0,"16":0,"17":87,"18":4,"19":61,"20":61,"21":60,"22":1,"23":4,"24":1,"25":1,"26":1,"27":0,"28":4,"29":60,"30":0,"31":60,"32":0,"33":0,"34":94},"f":{"0":1,"1":93,"2":0,"3":0,"4":61,"5":1,"6":60,"7":0,"8":0,"9":94},"b":{"0":[0,0],"1":[0,0],"2":[6,87],"3":[61,60],"4":[60,1],"5":[1,0],"6":[0,60],"7":[94,88]},"meta":{"lastBranch":8,"lastFunction":10,"lastStatement":35,"seen":{"f:44:9:44:43":0,"s:46:2:53:Infinity":0,"s:47:4:47:Infinity":1,"s:52:4:52:Infinity":2,"s:54:34:54:Infinity":3,"s:56:2:66:Infinity":4,"s:57:19:57:Infinity":5,"b:58:4:58:Infinity:undefined:undefined:undefined:undefined":0,"s:58:4:58:Infinity":6,"s:58:24:58:Infinity":7,"s:61:6:63:Infinity":8,"b:62:10:62:Infinity:63:10:63:Infinity":1,"s:65:4:65:Infinity":9,"s:68:2:68:Infinity":10,"s:71:6:104:Infinity":11,"f:71:6:71:27":1,"s:73:4:76:Infinity":12,"b:79:2:99:Infinity:undefined:undefined:undefined:undefined":2,"s:79:2:99:Infinity":13,"s:80:4:97:Infinity":14,"f:89:8:89:23":2,"s:90:10:90:Infinity":15,"f:92:8:92:23":3,"s:93:10:93:Infinity":16,"s:101:2:102:Infinity":17,"s:106:6:115:Infinity":18,"f:106:6:106:47":4,"s:107:17:107:Infinity":19,"b:107:17:107:31:107:31:107:Infinity":3,"b:110:2:112:Infinity:undefined:undefined:undefined:undefined":4,"s:110:2:112:Infinity":20,"s:111:4:111:Infinity":21,"s:114:2:114:Infinity":22,"s:118:6:124:Infinity":23,"f:118:6:118:108":5,"s:121:16:121:Infinity":24,"b:122:2:122:Infinity:undefined:undefined:undefined:undefined":5,"s:122:2:122:Infinity":25,"s:122:26:122:Infinity":26,"s:123:2:123:Infinity":27,"s:127:6:177:Infinity":28,"f:127:6:127:Infinity":6,"b:131:2:131:Infinity:undefined:undefined:undefined:undefined":6,"s:131:2:131:Infinity":29,"s:131:26:131:Infinity":30,"s:133:2:175:Infinity":31,"f:157:8:157:23":7,"s:158:10:158:Infinity":32,"f:160:8:160:23":8,"s:161:10:161:Infinity":33,"f:167:13:167:18":9,"s:168:8:173:Infinity":34,"b:168:29:168:40:168:40:168:Infinity":7},"fnNames":{}}}
,"D:\\ai\\ai-platform-web\\src\\components\\Button.tsx": {"path":"D:\\ai\\ai-platform-web\\src\\components\\Button.tsx","statementMap":{},"fnMap":{},"branchMap":{},"s":{},"f":{},"b":{},"meta":{"lastBranch":0,"lastFunction":0,"lastStatement":0,"seen":{},"fnNames":{}}}
,"D:\\ai\\ai-platform-web\\src\\components\\EmptyState.tsx": {"path":"D:\\ai\\ai-platform-web\\src\\components\\EmptyState.tsx","statementMap":{"0":{"start":{"line":24,"column":6},"end":{"line":95,"column":null}},"1":{"start":{"line":32,"column":2},"end":{"line":95,"column":null}}},"fnMap":{"0":{"name":"(anonymous_0)","decl":{"start":{"line":24,"column":6},"end":{"line":24,"column":47}},"loc":{"start":{"line":32,"column":2},"end":{"line":95,"column":null}},"line":32}},"branchMap":{"0":{"loc":{"start":{"line":45,"column":20},"end":{"line":45,"column":null}},"type":"binary-expr","locations":[{"start":{"line":45,"column":20},"end":{"line":45,"column":36}},{"start":{"line":45,"column":36},"end":{"line":45,"column":null}}],"line":45},"1":{"loc":{"start":{"line":51,"column":15},"end":{"line":51,"column":null}},"type":"cond-expr","locations":[{"start":{"line":51,"column":30},"end":{"line":51,"column":39}},{"start":{"line":51,"column":39},"end":{"line":51,"column":null}}],"line":51},"2":{"loc":{"start":{"line":52,"column":19},"end":{"line":54,"column":null}},"type":"cond-expr","locations":[{"start":{"line":53,"column":12},"end":{"line":53,"column":null}},{"start":{"line":54,"column":12},"end":{"line":54,"column":null}}],"line":52},"3":{"loc":{"start":{"line":71,"column":5},"end":{"line":84,"column":null}},"type":"binary-expr","locations":[{"start":{"line":71,"column":5},"end":{"line":71,"column":null}},{"start":{"line":72,"column":6},"end":{"line":84,"column":null}}],"line":71},"4":{"loc":{"start":{"line":86,"column":5},"end":{"line":93,"column":null}},"type":"binary-expr","locations":[{"start":{"line":86,"column":5},"end":{"line":86,"column":19}},{"start":{"line":86,"column":19},"end":{"line":86,"column":null}},{"start":{"line":87,"column":6},"end":{"line":93,"column":null}}],"line":86}},"s":{"0":4,"1":8},"f":{"0":8},"b":{"0":[8,7],"1":[1,7],"2":[1,7],"3":[8,1],"4":[8,3,2]},"meta":{"lastBranch":5,"lastFunction":1,"lastStatement":2,"seen":{"s:24:6:95:Infinity":0,"f:24:6:24:47":0,"s:32:2:95:Infinity":1,"b:45:20:45:36:45:36:45:Infinity":0,"b:51:30:51:39:51:39:51:Infinity":1,"b:53:12:53:Infinity:54:12:54:Infinity":2,"b:71:5:71:Infinity:72:6:84:Infinity":3,"b:86:5:86:19:86:19:86:Infinity:87:6:93:Infinity":4},"fnNames":{}}}
,"D:\\ai\\ai-platform-web\\src\\components\\ErrorBoundary.tsx": {"path":"D:\\ai\\ai-platform-web\\src\\components\\ErrorBoundary.tsx","statementMap":{"0":{"start":{"line":20,"column":4},"end":{"line":20,"column":null}},"1":{"start":{"line":21,"column":4},"end":{"line":21,"column":null}},"2":{"start":{"line":25,"column":4},"end":{"line":25,"column":null}},"3":{"start":{"line":29,"column":4},"end":{"line":29,"column":null}},"4":{"start":{"line":32,"column":4},"end":{"line":35,"column":null}},"5":{"start":{"line":39,"column":4},"end":{"line":41,"column":null}},"6":{"start":{"line":40,"column":6},"end":{"line":40,"column":null}},"7":{"start":{"line":42,"column":4},"end":{"line":42,"column":null}}},"fnMap":{"0":{"name":"constructor","decl":{"start":{"line":19,"column":2},"end":{"line":19,"column":14}},"loc":{"start":{"line":19,"column":28},"end":{"line":22,"column":null}},"line":19},"1":{"name":"getDerivedStateFromError","decl":{"start":{"line":24,"column":9},"end":{"line":24,"column":34}},"loc":{"start":{"line":24,"column":55},"end":{"line":26,"column":null}},"line":24},"2":{"name":"componentDidCatch","decl":{"start":{"line":28,"column":2},"end":{"line":28,"column":20}},"loc":{"start":{"line":28,"column":62},"end":{"line":36,"column":null}},"line":28},"3":{"name":"render","decl":{"start":{"line":38,"column":2},"end":{"line":38,"column":11}},"loc":{"start":{"line":38,"column":11},"end":{"line":43,"column":null}},"line":38}},"branchMap":{"0":{"loc":{"start":{"line":39,"column":4},"end":{"line":41,"column":null}},"type":"if","locations":[{"start":{"line":39,"column":4},"end":{"line":41,"column":null}},{"start":{},"end":{}}],"line":39},"1":{"loc":{"start":{"line":40,"column":32},"end":{"line":40,"column":80}},"type":"binary-expr","locations":[{"start":{"line":40,"column":32},"end":{"line":40,"column":52}},{"start":{"line":40,"column":52},"end":{"line":40,"column":80}}],"line":40}},"s":{"0":12,"1":12,"2":8,"3":4,"4":4,"5":27,"6":8,"7":19},"f":{"0":12,"1":2,"2":4,"3":27},"b":{"0":[8,19],"1":[8,0]},"meta":{"lastBranch":2,"lastFunction":4,"lastStatement":8,"seen":{"f:19:2:19:14":0,"s:20:4:20:Infinity":0,"s:21:4:21:Infinity":1,"f:24:9:24:34":1,"s:25:4:25:Infinity":2,"f:28:2:28:20":2,"s:29:4:29:Infinity":3,"s:32:4:35:Infinity":4,"f:38:2:38:11":3,"b:39:4:41:Infinity:undefined:undefined:undefined:undefined":0,"s:39:4:41:Infinity":5,"s:40:6:40:Infinity":6,"b:40:32:40:52:40:52:40:80":1,"s:42:4:42:Infinity":7},"fnNames":{}}}
,"D:\\ai\\ai-platform-web\\src\\components\\ErrorState.tsx": {"path":"D:\\ai\\ai-platform-web\\src\\components\\ErrorState.tsx","statementMap":{"0":{"start":{"line":18,"column":28},"end":{"line":18,"column":null}},"1":{"start":{"line":36,"column":6},"end":{"line":66,"column":null}},"2":{"start":{"line":43,"column":16},"end":{"line":43,"column":31}},"3":{"start":{"line":44,"column":23},"end":{"line":44,"column":null}},"4":{"start":{"line":45,"column":24},"end":{"line":45,"column":null}},"5":{"start":{"line":48,"column":2},"end":{"line":57,"column":null}},"6":{"start":{"line":49,"column":4},"end":{"line":56,"column":null}},"7":{"start":{"line":50,"column":6},"end":{"line":50,"column":null}},"8":{"start":{"line":52,"column":6},"end":{"line":55,"column":null}},"9":{"start":{"line":59,"column":23},"end":{"line":59,"column":null}},"10":{"start":{"line":61,"column":2},"end":{"line":63,"column":null}},"11":{"start":{"line":62,"column":4},"end":{"line":62,"column":null}},"12":{"start":{"line":65,"column":2},"end":{"line":65,"column":null}},"13":{"start":{"line":76,"column":6},"end":{"line":167,"column":null}},"14":{"start":{"line":77,"column":16},"end":{"line":77,"column":31}},"15":{"start":{"line":78,"column":2},"end":{"line":165,"column":null}},"16":{"start":{"line":170,"column":6},"end":{"line":302,"column":null}},"17":{"start":{"line":176,"column":19},"end":{"line":176,"column":31}},"18":{"start":{"line":177,"column":16},"end":{"line":177,"column":31}},"19":{"start":{"line":179,"column":2},"end":{"line":300,"column":null}},"20":{"start":{"line":285,"column":27},"end":{"line":285,"column":null}}},"fnMap":{"0":{"name":"(anonymous_0)","decl":{"start":{"line":36,"column":6},"end":{"line":36,"column":47}},"loc":{"start":{"line":42,"column":6},"end":{"line":66,"column":null}},"line":42},"1":{"name":"(anonymous_1)","decl":{"start":{"line":48,"column":2},"end":{"line":48,"column":18}},"loc":{"start":{"line":48,"column":18},"end":{"line":57,"column":5}},"line":48},"2":{"name":"(anonymous_2)","decl":{"start":{"line":76,"column":6},"end":{"line":76,"column":50}},"loc":{"start":{"line":76,"column":95},"end":{"line":167,"column":null}},"line":76},"3":{"name":"(anonymous_3)","decl":{"start":{"line":170,"column":6},"end":{"line":170,"column":81}},"loc":{"start":{"line":175,"column":6},"end":{"line":302,"column":null}},"line":175},"4":{"name":"(anonymous_4)","decl":{"start":{"line":285,"column":12},"end":{"line":285,"column":27}},"loc":{"start":{"line":285,"column":27},"end":{"line":285,"column":null}},"line":285}},"branchMap":{"0":{"loc":{"start":{"line":39,"column":2},"end":{"line":39,"column":null}},"type":"default-arg","locations":[{"start":{"line":39,"column":12},"end":{"line":39,"column":null}}],"line":39},"1":{"loc":{"start":{"line":45,"column":24},"end":{"line":45,"column":null}},"type":"binary-expr","locations":[{"start":{"line":45,"column":24},"end":{"line":45,"column":33}},{"start":{"line":45,"column":33},"end":{"line":45,"column":null}}],"line":45},"2":{"loc":{"start":{"line":49,"column":4},"end":{"line":56,"column":null}},"type":"if","locations":[{"start":{"line":49,"column":4},"end":{"line":56,"column":null}},{"start":{"line":51,"column":11},"end":{"line":56,"column":null}}],"line":49},"3":{"loc":{"start":{"line":52,"column":29},"end":{"line":52,"column":80}},"type":"cond-expr","locations":[{"start":{"line":52,"column":57},"end":{"line":52,"column":65}},{"start":{"line":52,"column":65},"end":{"line":52,"column":80}}],"line":52},"4":{"loc":{"start":{"line":59,"column":23},"end":{"line":59,"column":null}},"type":"cond-expr","locations":[{"start":{"line":59,"column":48},"end":{"line":59,"column":64}},{"start":{"line":59,"column":64},"end":{"line":59,"column":null}}],"line":59},"5":{"loc":{"start":{"line":61,"column":2},"end":{"line":63,"column":null}},"type":"if","locations":[{"start":{"line":61,"column":2},"end":{"line":63,"column":null}},{"start":{},"end":{}}],"line":61},"6":{"loc":{"start":{"line":119,"column":5},"end":{"line":129,"column":null}},"type":"binary-expr","locations":[{"start":{"line":119,"column":5},"end":{"line":119,"column":null}},{"start":{"line":120,"column":6},"end":{"line":129,"column":null}}],"line":119},"7":{"loc":{"start":{"line":151,"column":5},"end":{"line":163,"column":null}},"type":"binary-expr","locations":[{"start":{"line":151,"column":5},"end":{"line":151,"column":null}},{"start":{"line":152,"column":6},"end":{"line":163,"column":null}}],"line":151},"8":{"loc":{"start":{"line":243,"column":11},"end":{"line":243,"column":null}},"type":"binary-expr","locations":[{"start":{"line":243,"column":11},"end":{"line":243,"column":26}},{"start":{"line":243,"column":26},"end":{"line":243,"column":null}}],"line":243},"9":{"loc":{"start":{"line":266,"column":11},"end":{"line":282,"column":11}},"type":"binary-expr","locations":[{"start":{"line":266,"column":11},"end":{"line":266,"column":null}},{"start":{"line":267,"column":12},"end":{"line":282,"column":11}}],"line":266}},"s":{"0":6,"1":6,"2":24,"3":24,"4":24,"5":24,"6":20,"7":6,"8":14,"9":24,"10":24,"11":14,"12":10,"13":6,"14":10,"15":10,"16":6,"17":14,"18":14,"19":14,"20":1},"f":{"0":24,"1":20,"2":10,"3":14,"4":1},"b":{"0":[24],"1":[24,23],"2":[6,14],"3":[14,0],"4":[10,14],"5":[14,10],"6":[10,1],"7":[10,2],"8":[14,13],"9":[14,1]},"meta":{"lastBranch":10,"lastFunction":5,"lastStatement":21,"seen":{"s:18:28:18:Infinity":0,"s:36:6:66:Infinity":1,"f:36:6:36:47":0,"b:39:12:39:Infinity":0,"s:43:16:43:31":2,"s:44:23:44:Infinity":3,"s:45:24:45:Infinity":4,"b:45:24:45:33:45:33:45:Infinity":1,"s:48:2:57:Infinity":5,"f:48:2:48:18":1,"b:49:4:56:Infinity:51:11:56:Infinity":2,"s:49:4:56:Infinity":6,"s:50:6:50:Infinity":7,"s:52:6:55:Infinity":8,"b:52:57:52:65:52:65:52:80":3,"s:59:23:59:Infinity":9,"b:59:48:59:64:59:64:59:Infinity":4,"b:61:2:63:Infinity:undefined:undefined:undefined:undefined":5,"s:61:2:63:Infinity":10,"s:62:4:62:Infinity":11,"s:65:2:65:Infinity":12,"s:76:6:167:Infinity":13,"f:76:6:76:50":2,"s:77:16:77:31":14,"s:78:2:165:Infinity":15,"b:119:5:119:Infinity:120:6:129:Infinity":6,"b:151:5:151:Infinity:152:6:163:Infinity":7,"s:170:6:302:Infinity":16,"f:170:6:170:81":3,"s:176:19:176:31":17,"s:177:16:177:31":18,"s:179:2:300:Infinity":19,"b:243:11:243:26:243:26:243:Infinity":8,"b:266:11:266:Infinity:267:12:282:11":9,"f:285:12:285:27":4,"s:285:27:285:Infinity":20},"fnNames":{}}}
,"D:\\ai\\ai-platform-web\\src\\components\\GlassCard.tsx": {"path":"D:\\ai\\ai-platform-web\\src\\components\\GlassCard.tsx","statementMap":{"0":{"start":{"line":21,"column":6},"end":{"line":75,"column":null}},"1":{"start":{"line":31,"column":18},"end":{"line":31,"column":null}},"2":{"start":{"line":32,"column":14},"end":{"line":32,"column":null}},"3":{"start":{"line":34,"column":8},"end":{"line":42,"column":null}},"4":{"start":{"line":35,"column":4},"end":{"line":40,"column":null}},"5":{"start":{"line":36,"column":17},"end":{"line":36,"column":null}},"6":{"start":{"line":37,"column":6},"end":{"line":37,"column":null}},"7":{"start":{"line":38,"column":6},"end":{"line":38,"column":null}},"8":{"start":{"line":39,"column":6},"end":{"line":39,"column":null}},"9":{"start":{"line":41,"column":4},"end":{"line":41,"column":null}},"10":{"start":{"line":44,"column":8},"end":{"line":51,"column":null}},"11":{"start":{"line":45,"column":4},"end":{"line":49,"column":null}},"12":{"start":{"line":46,"column":17},"end":{"line":46,"column":null}},"13":{"start":{"line":47,"column":6},"end":{"line":47,"column":null}},"14":{"start":{"line":48,"column":6},"end":{"line":48,"column":null}},"15":{"start":{"line":50,"column":4},"end":{"line":50,"column":null}},"16":{"start":{"line":53,"column":2},"end":{"line":73,"column":null}}},"fnMap":{"0":{"name":"(anonymous_0)","decl":{"start":{"line":21,"column":6},"end":{"line":21,"column":45}},"loc":{"start":{"line":30,"column":6},"end":{"line":75,"column":null}},"line":30},"1":{"name":"(anonymous_1)","decl":{"start":{"line":34,"column":8},"end":{"line":34,"column":28}},"loc":{"start":{"line":34,"column":68},"end":{"line":42,"column":null}},"line":34},"2":{"name":"(anonymous_2)","decl":{"start":{"line":44,"column":8},"end":{"line":44,"column":28}},"loc":{"start":{"line":44,"column":68},"end":{"line":51,"column":null}},"line":44}},"branchMap":{"0":{"loc":{"start":{"line":22,"column":2},"end":{"line":22,"column":null}},"type":"default-arg","locations":[{"start":{"line":22,"column":14},"end":{"line":22,"column":null}}],"line":22},"1":{"loc":{"start":{"line":23,"column":2},"end":{"line":23,"column":null}},"type":"default-arg","locations":[{"start":{"line":23,"column":12},"end":{"line":23,"column":null}}],"line":23},"2":{"loc":{"start":{"line":32,"column":29},"end":{"line":32,"column":62}},"type":"binary-expr","locations":[{"start":{"line":32,"column":29},"end":{"line":32,"column":40}},{"start":{"line":32,"column":40},"end":{"line":32,"column":62}}],"line":32},"3":{"loc":{"start":{"line":35,"column":4},"end":{"line":40,"column":null}},"type":"if","locations":[{"start":{"line":35,"column":4},"end":{"line":40,"column":null}},{"start":{},"end":{}}],"line":35},"4":{"loc":{"start":{"line":45,"column":4},"end":{"line":49,"column":null}},"type":"if","locations":[{"start":{"line":45,"column":4},"end":{"line":49,"column":null}},{"start":{},"end":{}}],"line":45},"5":{"loc":{"start":{"line":63,"column":20},"end":{"line":65,"column":null}},"type":"cond-expr","locations":[{"start":{"line":64,"column":12},"end":{"line":64,"column":null}},{"start":{"line":65,"column":12},"end":{"line":65,"column":null}}],"line":63}},"s":{"0":4,"1":81,"2":81,"3":81,"4":18,"5":3,"6":3,"7":3,"8":3,"9":18,"10":81,"11":2,"12":2,"13":2,"14":2,"15":2,"16":81},"f":{"0":81,"1":18,"2":2},"b":{"0":[81],"1":[81],"2":[81,1],"3":[3,15],"4":[2,0],"5":[3,77]},"meta":{"lastBranch":6,"lastFunction":3,"lastStatement":17,"seen":{"s:21:6:75:Infinity":0,"f:21:6:21:45":0,"b:22:14:22:Infinity":0,"b:23:12:23:Infinity":1,"s:31:18:31:Infinity":1,"s:32:14:32:Infinity":2,"b:32:29:32:40:32:40:32:62":2,"s:34:8:42:Infinity":3,"f:34:8:34:28":1,"b:35:4:40:Infinity:undefined:undefined:undefined:undefined":3,"s:35:4:40:Infinity":4,"s:36:17:36:Infinity":5,"s:37:6:37:Infinity":6,"s:38:6:38:Infinity":7,"s:39:6:39:Infinity":8,"s:41:4:41:Infinity":9,"s:44:8:51:Infinity":10,"f:44:8:44:28":2,"b:45:4:49:Infinity:undefined:undefined:undefined:undefined":4,"s:45:4:49:Infinity":11,"s:46:17:46:Infinity":12,"s:47:6:47:Infinity":13,"s:48:6:48:Infinity":14,"s:50:4:50:Infinity":15,"s:53:2:73:Infinity":16,"b:64:12:64:Infinity:65:12:65:Infinity":5},"fnNames":{}}}
,"D:\\ai\\ai-platform-web\\src\\components\\LanguageSwitcher.tsx": {"path":"D:\\ai\\ai-platform-web\\src\\components\\LanguageSwitcher.tsx","statementMap":{"0":{"start":{"line":14,"column":6},"end":{"line":35,"column":null}},"1":{"start":{"line":15,"column":19},"end":{"line":15,"column":34}},"2":{"start":{"line":17,"column":18},"end":{"line":20,"column":null}},"3":{"start":{"line":17,"column":53},"end":{"line":20,"column":4}},"4":{"start":{"line":22,"column":2},"end":{"line":33,"column":null}},"5":{"start":{"line":27,"column":27},"end":{"line":27,"column":null}}},"fnMap":{"0":{"name":"(anonymous_0)","decl":{"start":{"line":14,"column":6},"end":{"line":14,"column":60}},"loc":{"start":{"line":14,"column":78},"end":{"line":35,"column":null}},"line":14},"1":{"name":"(anonymous_1)","decl":{"start":{"line":17,"column":38},"end":{"line":17,"column":43}},"loc":{"start":{"line":17,"column":53},"end":{"line":20,"column":4}},"line":17},"2":{"name":"(anonymous_2)","decl":{"start":{"line":27,"column":6},"end":{"line":27,"column":17}},"loc":{"start":{"line":27,"column":27},"end":{"line":27,"column":null}},"line":27}},"branchMap":{},"s":{"0":4,"1":6,"2":6,"3":12,"4":6,"5":2},"f":{"0":6,"1":12,"2":2},"b":{},"meta":{"lastBranch":0,"lastFunction":3,"lastStatement":6,"seen":{"s:14:6:35:Infinity":0,"f:14:6:14:60":0,"s:15:19:15:34":1,"s:17:18:20:Infinity":2,"f:17:38:17:43":1,"s:17:53:20:4":3,"s:22:2:33:Infinity":4,"f:27:6:27:17":2,"s:27:27:27:Infinity":5},"fnNames":{}}}
,"D:\\ai\\ai-platform-web\\src\\components\\PageHeader.tsx": {"path":"D:\\ai\\ai-platform-web\\src\\components\\PageHeader.tsx","statementMap":{"0":{"start":{"line":21,"column":24},"end":{"line":21,"column":null}},"1":{"start":{"line":38,"column":6},"end":{"line":116,"column":null}},"2":{"start":{"line":46,"column":2},"end":{"line":114,"column":null}}},"fnMap":{"0":{"name":"(anonymous_0)","decl":{"start":{"line":38,"column":6},"end":{"line":38,"column":47}},"loc":{"start":{"line":45,"column":6},"end":{"line":116,"column":null}},"line":45}},"branchMap":{"0":{"loc":{"start":{"line":44,"column":2},"end":{"line":44,"column":null}},"type":"default-arg","locations":[{"start":{"line":44,"column":14},"end":{"line":44,"column":null}}],"line":44},"1":{"loc":{"start":{"line":49,"column":7},"end":{"line":52,"column":7}},"type":"binary-expr","locations":[{"start":{"line":49,"column":7},"end":{"line":49,"column":21}},{"start":{"line":49,"column":21},"end":{"line":49,"column":46}},{"start":{"line":49,"column":46},"end":{"line":52,"column":7}}],"line":49},"2":{"loc":{"start":{"line":61,"column":11},"end":{"line":78,"column":11}},"type":"binary-expr","locations":[{"start":{"line":61,"column":11},"end":{"line":61,"column":null}},{"start":{"line":62,"column":12},"end":{"line":78,"column":11}}],"line":61},"3":{"loc":{"start":{"line":92,"column":13},"end":{"line":105,"column":null}},"type":"binary-expr","locations":[{"start":{"line":92,"column":13},"end":{"line":92,"column":null}},{"start":{"line":93,"column":14},"end":{"line":105,"column":null}}],"line":92},"4":{"loc":{"start":{"line":108,"column":9},"end":{"line":113,"column":null}},"type":"binary-expr","locations":[{"start":{"line":108,"column":9},"end":{"line":108,"column":null}},{"start":{"line":109,"column":10},"end":{"line":113,"column":null}}],"line":108}},"s":{"0":4,"1":4,"2":61},"f":{"0":61},"b":{"0":[61],"1":[61,53,53],"2":[61,1],"3":[61,53],"4":[61,29]},"meta":{"lastBranch":5,"lastFunction":1,"lastStatement":3,"seen":{"s:21:24:21:Infinity":0,"s:38:6:116:Infinity":1,"f:38:6:38:47":0,"b:44:14:44:Infinity":0,"s:46:2:114:Infinity":2,"b:49:7:49:21:49:21:49:46:49:46:52:7":1,"b:61:11:61:Infinity:62:12:78:11":2,"b:92:13:92:Infinity:93:14:105:Infinity":3,"b:108:9:108:Infinity:109:10:113:Infinity":4},"fnNames":{}}}
,"D:\\ai\\ai-platform-web\\src\\components\\StatCard.tsx": {"path":"D:\\ai\\ai-platform-web\\src\\components\\StatCard.tsx","statementMap":{"0":{"start":{"line":15,"column":17},"end":{"line":15,"column":null}},"1":{"start":{"line":27,"column":6},"end":{"line":136,"column":null}},"2":{"start":{"line":28,"column":20},"end":{"line":28,"column":null}},"3":{"start":{"line":29,"column":18},"end":{"line":29,"column":null}},"4":{"start":{"line":31,"column":2},"end":{"line":134,"column":null}}},"fnMap":{"0":{"name":"(anonymous_0)","decl":{"start":{"line":27,"column":6},"end":{"line":27,"column":43}},"loc":{"start":{"line":27,"column":95},"end":{"line":136,"column":null}},"line":27}},"branchMap":{"0":{"loc":{"start":{"line":29,"column":18},"end":{"line":29,"column":null}},"type":"binary-expr","locations":[{"start":{"line":29,"column":18},"end":{"line":29,"column":27}},{"start":{"line":29,"column":27},"end":{"line":29,"column":null}}],"line":29},"1":{"loc":{"start":{"line":68,"column":13},"end":{"line":75,"column":null}},"type":"cond-expr","locations":[{"start":{"line":69,"column":14},"end":{"line":75,"column":null}},{"start":{"line":75,"column":14},"end":{"line":75,"column":null}}],"line":68},"2":{"loc":{"start":{"line":77,"column":13},"end":{"line":89,"column":null}},"type":"binary-expr","locations":[{"start":{"line":77,"column":13},"end":{"line":77,"column":null}},{"start":{"line":78,"column":14},"end":{"line":89,"column":null}}],"line":77},"3":{"loc":{"start":{"line":91,"column":11},"end":{"line":112,"column":null}},"type":"binary-expr","locations":[{"start":{"line":91,"column":11},"end":{"line":91,"column":null}},{"start":{"line":92,"column":12},"end":{"line":112,"column":null}}],"line":91},"4":{"loc":{"start":{"line":100,"column":25},"end":{"line":100,"column":null}},"type":"cond-expr","locations":[{"start":{"line":100,"column":35},"end":{"line":100,"column":60}},{"start":{"line":100,"column":60},"end":{"line":100,"column":null}}],"line":100},"5":{"loc":{"start":{"line":103,"column":30},"end":{"line":103,"column":null}},"type":"cond-expr","locations":[{"start":{"line":103,"column":40},"end":{"line":103,"column":67}},{"start":{"line":103,"column":67},"end":{"line":103,"column":null}}],"line":103},"6":{"loc":{"start":{"line":106,"column":23},"end":{"line":106,"column":49}},"type":"cond-expr","locations":[{"start":{"line":106,"column":33},"end":{"line":106,"column":39}},{"start":{"line":106,"column":39},"end":{"line":106,"column":49}}],"line":106},"7":{"loc":{"start":{"line":109,"column":15},"end":{"line":112,"column":null}},"type":"binary-expr","locations":[{"start":{"line":109,"column":15},"end":{"line":109,"column":null}},{"start":{"line":110,"column":16},"end":{"line":112,"column":null}}],"line":109}},"s":{"0":4,"1":4,"2":11,"3":11,"4":11},"f":{"0":11},"b":{"0":[11,3],"1":[10,1],"2":[11,1],"3":[11,3],"4":[2,1],"5":[2,1],"6":[2,1],"7":[3,1]},"meta":{"lastBranch":8,"lastFunction":1,"lastStatement":5,"seen":{"s:15:17:15:Infinity":0,"s:27:6:136:Infinity":1,"f:27:6:27:43":0,"s:28:20:28:Infinity":2,"s:29:18:29:Infinity":3,"b:29:18:29:27:29:27:29:Infinity":0,"s:31:2:134:Infinity":4,"b:69:14:75:Infinity:75:14:75:Infinity":1,"b:77:13:77:Infinity:78:14:89:Infinity":2,"b:91:11:91:Infinity:92:12:112:Infinity":3,"b:100:35:100:60:100:60:100:Infinity":4,"b:103:40:103:67:103:67:103:Infinity":5,"b:106:33:106:39:106:39:106:49":6,"b:109:15:109:Infinity:110:16:112:Infinity":7},"fnNames":{}}}
,"D:\\ai\\ai-platform-web\\src\\components\\StatusPill.tsx": {"path":"D:\\ai\\ai-platform-web\\src\\components\\StatusPill.tsx","statementMap":{"0":{"start":{"line":34,"column":71},"end":{"line":98,"column":null}},"1":{"start":{"line":106,"column":6},"end":{"line":127,"column":null}},"2":{"start":{"line":107,"column":12},"end":{"line":107,"column":null}},"3":{"start":{"line":108,"column":2},"end":{"line":125,"column":null}},"4":{"start":{"line":149,"column":4},"end":{"line":185,"column":null}},"5":{"start":{"line":188,"column":2},"end":{"line":188,"column":null}},"6":{"start":{"line":188,"column":32},"end":{"line":188,"column":null}},"7":{"start":{"line":189,"column":2},"end":{"line":189,"column":null}},"8":{"start":{"line":189,"column":23},"end":{"line":189,"column":null}},"9":{"start":{"line":190,"column":2},"end":{"line":190,"column":null}},"10":{"start":{"line":190,"column":29},"end":{"line":190,"column":null}},"11":{"start":{"line":191,"column":2},"end":{"line":191,"column":null}},"12":{"start":{"line":191,"column":25},"end":{"line":191,"column":null}},"13":{"start":{"line":192,"column":2},"end":{"line":192,"column":null}},"14":{"start":{"line":192,"column":32},"end":{"line":192,"column":null}},"15":{"start":{"line":193,"column":2},"end":{"line":193,"column":null}},"16":{"start":{"line":196,"column":13},"end":{"line":245,"column":null}},"17":{"start":{"line":197,"column":12},"end":{"line":197,"column":null}},"18":{"start":{"line":198,"column":2},"end":{"line":243,"column":null}}},"fnMap":{"0":{"name":"(anonymous_0)","decl":{"start":{"line":106,"column":6},"end":{"line":106,"column":47}},"loc":{"start":{"line":106,"column":94},"end":{"line":127,"column":null}},"line":106},"1":{"name":"resolveHealthState","decl":{"start":{"line":187,"column":9},"end":{"line":187,"column":28}},"loc":{"start":{"line":187,"column":44},"end":{"line":194,"column":null}},"line":187},"2":{"name":"(anonymous_2)","decl":{"start":{"line":196,"column":13},"end":{"line":196,"column":54}},"loc":{"start":{"line":196,"column":75},"end":{"line":245,"column":null}},"line":196}},"branchMap":{"0":{"loc":{"start":{"line":106,"column":57},"end":{"line":106,"column":94}},"type":"default-arg","locations":[{"start":{"line":106,"column":66},"end":{"line":106,"column":94}}],"line":106},"1":{"loc":{"start":{"line":107,"column":12},"end":{"line":107,"column":null}},"type":"binary-expr","locations":[{"start":{"line":107,"column":12},"end":{"line":107,"column":30}},{"start":{"line":107,"column":30},"end":{"line":107,"column":null}}],"line":107},"2":{"loc":{"start":{"line":188,"column":2},"end":{"line":188,"column":null}},"type":"if","locations":[{"start":{"line":188,"column":2},"end":{"line":188,"column":null}},{"start":{},"end":{}}],"line":188},"3":{"loc":{"start":{"line":189,"column":2},"end":{"line":189,"column":null}},"type":"if","locations":[{"start":{"line":189,"column":2},"end":{"line":189,"column":null}},{"start":{},"end":{}}],"line":189},"4":{"loc":{"start":{"line":190,"column":2},"en
[...]
loc":{"start":{"line":195,"column":24},"end":{"line":210,"column":null}},"line":195},"20":{"name":"(anonymous_20)","decl":{"start":{"line":202,"column":8},"end":{"line":202,"column":20}},"loc":{"start":{"line":202,"column":20},"end":{"line":208,"column":null}},"line":202},"21":{"name":"(anonymous_21)","decl":{"start":{"line":214,"column":29},"end":{"line":214,"column":null}},"loc":{"start":{"line":215,"column":30},"end":{"line":230,"column":null}},"line":215},"22":{"name":"(anonymous_22)","decl":{"start":{"line":223,"column":8},"end":{"line":223,"column":20}},"loc":{"start":{"line":223,"column":20},"end":{"line":228,"column":null}},"line":223},"23":{"name":"(anonymous_23)","decl":{"start":{"line":234,"column":23},"end":{"line":234,"column":41}},"loc":{"start":{"line":234,"column":41},"end":{"line":242,"column":5}},"line":234},"24":{"name":"(anonymous_24)","decl":{"start":{"line":236,"column":32},"end":{"line":236,"column":38}},"loc":{"start":{"line":236,"column":49},"end":{"line":241,"column":5}},"line":236},"25":{"name":"(anonymous_25)","decl":{"start":{"line":250,"column":6},"end":{"line":250,"column":15}},"loc":{"start":{"line":251,"column":8},"end":{"line":253,"column":null}},"line":251},"26":{"name":"(anonymous_26)","decl":{"start":{"line":251,"column":11},"end":{"line":251,"column":26}},"loc":{"start":{"line":251,"column":26},"end":{"line":251,"column":49}},"line":251},"27":{"name":"(anonymous_27)","decl":{"start":{"line":261,"column":6},"end":{"line":261,"column":15}},"loc":{"start":{"line":262,"column":8},"end":{"line":264,"column":null}},"line":262},"28":{"name":"(anonymous_28)","decl":{"start":{"line":272,"column":6},"end":{"line":272,"column":15}},"loc":{"start":{"line":272,"column":36},"end":{"line":275,"column":null}},"line":272},"29":{"name":"(anonymous_29)","decl":{"start":{"line":273,"column":33},"end":{"line":273,"column":39}},"loc":{"start":{"line":273,"column":45},"end":{"line":273,"column":61}},"line":273},"30":{"name":"(anonymous_30)","decl":{"start":{"line":282,"column":6},"end":{"line":282,"column":15}},"loc":{"start":{"line":282,"column":40},"end":{"line":285,"column":null}},"line":282},"31":{"name":"(anonymous_31)","decl":{"start":{"line":283,"column":35},"end":{"line":283,"column":41}},"loc":{"start":{"line":283,"column":47},"end":{"line":283,"column":65}},"line":283},"32":{"name":"(anonymous_32)","decl":{"start":{"line":292,"column":6},"end":{"line":292,"column":15}},"loc":{"start":{"line":292,"column":29},"end":{"line":292,"column":null}},"line":292},"33":{"name":"(anonymous_33)","decl":{"start":{"line":298,"column":6},"end":{"line":298,"column":15}},"loc":{"start":{"line":299,"column":8},"end":{"line":343,"column":null}},"line":299},"34":{"name":"(anonymous_34)","decl":{"start":{"line":301,"column":56},"end":{"line":301,"column":71}},"loc":{"start":{"line":301,"column":71},"end":{"line":301,"column":95}},"line":301},"35":{"name":"(anonymous_35)","decl":{"start":{"line":308,"column":14},"end":{"line":308,"column":29}},"loc":{"start":{"line":308,"column":29},"end":{"line":317,"column":null}},"line":308},"36":{"name":"(anonymous_36)","decl":{"start":{"line":332,"column":14},"end":{"line":332,"column":29}},"loc":{"start":{"line":332,"column":29},"end":{"line":332,"column":null}},"line":332},"37":{"name":"(anonymous_37)","decl":{"start":{"line":340,"column":14},"end":{"line":340,"column":29}},"loc":{"start":{"line":340,"column":29},"end":{"line":340,"column":null}},"line":340},"38":{"name":"(anonymous_38)","decl":{"start":{"line":366,"column":6},"end":{"line":366,"column":15}},"loc":{"start":{"line":367,"column":8},"end":{"line":381,"column":null}},"line":367},"39":{"name":"(anonymous_39)","decl":{"start":{"line":373,"column":10},"end":{"line":373,"column":21}},"loc":{"start":{"line":373,"column":33},"end":{"line":380,"column":null}},"line":373},"40":{"name":"(anonymous_40)","decl":{"start":{"line":389,"column":6},"end":{"line":389,"column":15}},"loc":{"start":{"line":389,"column":29},"end":{"line":389,"column":null}},"line":389},"41":{"name":"(anonymous_41)","decl":{"start":{"line":395,"column":6},"end":{"line":395,"column":15}},"loc":{"start":{"line":396,"column":8},"end":{"line":403,"column":null}},"line":396},"42":{"name":"(anonymous_42)","decl":{"start":{"line":399,"column":10},"end":{"line":399,"column":25}},"loc":{"start":{"line":399,"column":25},"end":{"line":399,"column":null}},"line":399},"43":{"name":"(anonymous_43)","decl":{"start":{"line":426,"column":12},"end":{"line":426,"column":27}},"loc":{"start":{"line":426,"column":27},"end":{"line":426,"column":null}},"line":426},"44":{"name":"(anonymous_44)","decl":{"start":{"line":443,"column":36},"end":{"line":443,"column":41}},"loc":{"start":{"line":443,"column":48},"end":{"line":443,"column":83}},"line":443},"45":{"name":"(anonymous_45)","decl":{"start":{"line":451,"column":34},"end":{"line":451,"column":39}},"loc":{"start":{"line":451,"column":46},"end":{"line":451,"column":81}},"line":451},"46":{"name":"(anonymous_46)","decl":{"start":{"line":466,"column":12},"end":{"line":466,"column":24}},"loc":{"start":{"line":466,"column":30},"end":{"line":466,"column":null}},"line":466},"47":{"name":"(anonymous_47)","decl":{"start":{"line":477,"column":8},"end":{"line":477,"column":24}},"loc":{"start":{"line":477,"column":24},"end":{"line":477,"column":null}},"line":477},"48":{"name":"(anonymous_48)","decl":{"start":{"line":508,"column":42},"end":{"line":508,"column":47}},"loc":{"start":{"line":508,"column":54},"end":{"line":508,"column":89}},"line":508},"49":{"name":"(anonymous_49)","decl":{"start":{"line":520,"column":8},"end":{"line":520,"column":23}},"loc":{"start":{"line":520,"column":23},"end":{"line":520,"column":null}},"line":520},"50":{"name":"(anonymous_50)","decl":{"start":{"line":538,"column":44},"end":{"line":538,"column":49}},"loc":{"start":{"line":538,"column":56},"end":{"line":538,"column":91}},"line":538},"51":{"name":"(anonymous_51)","decl":{"start":{"line":604,"column":8},"end":{"line":604,"column":23}},"loc":{"start":{"line":604,"column":23},"end":{"line":604,"column":null}},"line":604},"52":{"name":"(anonymous_52)","decl":{"start":{"line":621,"column":38},"end":{"line":621,"column":44}},"loc":{"start":{"line":621,"column":50},"end":{"line":621,"column":77}},"line":621},"53":{"name":"(anonymous_53)","decl":{"start":{"line":623,"column":32},"end":{"line":623,"column":38}},"loc":{"start":{"line":623,"column":44},"end":{"line":623,"column":71}},"line":623},"54":{"name":"(anonymous_54)","decl":{"start":{"line":628,"column":40},"end":{"line":628,"column":46}},"loc":{"start":{"line":628,"column":52},"end":{"line":628,"column":81}},"line":628},"55":{"name":"(anonymous_55)","decl":{"start":{"line":630,"column":34},"end":{"line":630,"column":40}},"loc":{"start":{"line":630,"column":46},"end":{"line":630,"column":75}},"line":630},"56":{"name":"(anonymous_56)","decl":{"start":{"line":647,"column":46},"end":{"line":647,"column":51}},"loc":{"start":{"line":648,"column":22},"end":{"line":648,"column":null}},"line":648},"57":{"name":"(anonymous_57)","decl":{"start":{"line":657,"column":16},"end":{"line":657,"column":31}},"loc":{"start":{"line":657,"column":31},"end":{"line":660,"column":null}},"line":657},"58":{"name":"(anonymous_58)","decl":{"start":{"line":673,"column":8},"end":{"line":673,"column":23}},"loc":{"start":{"line":673,"column":23},"end":{"line":673,"column":null}},"line":673},"59":{"name":"(anonymous_59)","decl":{"start":{"line":679,"column":12},"end":{"line":679,"column":27}},"loc":{"start":{"line":679,"column":27},"end":{"line":679,"column":null}},"line":679},"60":{"name":"(anonymous_60)","decl":{"start":{"line":700,"column":8},"end":{"line":700,"column":24}},"loc":{"start":{"line":700,"column":24},"end":{"line":700,"column":null}},"line":700}},"branchMap":{"0":{"loc":{"start":{"line":188,"column":4},"end":{"line":188,"column":null}},"type":"if","locations":[{"start":{"line":188,"column":4},"end":{"line":188,"column":null}},{"start":{},"end":{}}],"line":188},"1":{"loc":{"start":{"line":196,"column":21},"end":{"line":196,"column":null}},"type":"cond-expr","locations":[{"start":{"line":196,"column":50},"end":{"line":196,"column":57}},{"start":{"line":196,"column":57},"end":{"line":196,"column":null}}],"line":196},"2":{"loc":{"start":{"line":203,"column":10},"end":{"line":207,"column":null}},"type":"if","locations":[{"start":{"line":203,"column":10},"end":{"line":207,"column":null}},{"start":{"line":205,"column":17},"end":{"line":207,"column":null}}],"line":203},"3":{"loc":{"start":{"line":216,"column":6},"end":{"line":216,"column":null}},"type":"if","locations":[{"start":{"line":216,"column":6},"end":{"line":216,"column":null}},{"start":{},"end":{}}],"line":216},"4":{"loc":{"start":{"line":235,"column":4},"end":{"line":235,"column":null}},"type":"if","locations":[{"start":{"line":235,"column":4},"end":{"line":235,"column":null}},{"start":{},"end":{}}],"line":235},"5":{"loc":{"start":{"line":274,"column":40},"end":{"line":274,"column":64}},"type":"binary-expr","locations":[{"start":{"line":274,"column":40},"end":{"line":274,"column":54}},{"start":{"line":274,"column":54},"end":{"line":274,"column":64}}],"line":274},"6":{"loc":{"start":{"line":284,"column":40},"end":{"line":284,"column":66}},"type":"binary-expr","locations":[{"start":{"line":284,"column":40},"end":{"line":284,"column":54}},{"start":{"line":284,"column":54},"end":{"line":284,"column":66}}],"line":284},"7":{"loc":{"start":{"line":320,"column":26},"end":{"line":320,"column":null}},"type":"cond-expr","locations":[{"start":{"line":320,"column":55},"end":{"line":320,"column":62}},{"start":{"line":320,"column":62},"end":{"line":320,"column":null}}],"line":320},"8":{"loc":{"start":{"line":326,"column":16},"end":{"line":329,"column":null}},"type":"cond-expr","locations":[{"start":{"line":327,"column":18},"end":{"line":329,"column":19}},{"start":{"line":329,"column":18},"end":{"line":329,"column":null}}],"line":326},"9":{"loc":{"start":{"line":374,"column":12},"end":{"line":374,"column":null}},"type":"if","locations":[{"start":{"line":374,"column":12},"end":{"line":374,"column":null}},{"start":{},"end":{}}],"line":374},"10":{"loc":{"start":{"line":408,"column":2},"end":{"line":414,"column":null}},"type":"if","locations":[{"start":{"line":408,"column":2},"end":{"line":414,"column":null}},{"start":{},"end":{}}],"line":408},"11":{"loc":{"start":{"line":458,"column":22},"end":{"line":458,"column":null}},"type":"binary-expr","locations":[{"start":{"line":458,"column":22},"end":{"line":458,"column":44}},{"start":{"line":458,"column":44},"end":{"line":458,"column":null}}],"line":458},"12":{"loc":{"start":{"line":463,"column":19},"end":{"line":463,"column":null}},"type":"binary-expr","locations":[{"start":{"line":463,"column":19},"end":{"line":463,"column":41}},{"start":{"line":463,"column":41},"end":{"line":463,"column":null}}],"line":463},"13":{"loc":{"start":{"line":528,"column":9},"end":{"line":596,"column":null}},"type":"binary-expr","locations":[{"start":{"line":528,"column":9},"end":{"line":528,"column":null}},{"start":{"line":529,"column":10},"end":{"line":596,"column":null}}],"line":528},"14":{"loc":{"start":{"line":607,"column":9},"end":{"line":665,"column":null}},"type":"binary-expr","locations":[{"start":{"line":607,"column":9},"end":{"line":607,"column":null}},{"start":{"line":608,"column":10},"end":{"line":665,"column":null}}],"line":607},"15":{"loc":{"start":{"line":637,"column":17},"end":{"line":637,"column":null}},"type":"binary-expr","locations":[{"start":{"line":637,"column":17},"end":{"line":637,"column":81}},{"start":{"line":637,"column":81},"end":{"line":637,"column":null}}],"line":637},"16":{"loc":{"start":{"line":640,"column":17},"end":{"line":640,"column":null}},"type":"binary-expr","locations":[{"start":{"line":640,"column":17},"end":{"line":640,"column":55}},{"start":{"line":640,"column":55},"end":{"line":640,"column":null}}],"line":640},"17":{"loc":{"start":{"line":643,"column":17},"end":{"line":643,"column":null}},"type":"binary-expr","locations":[{"start":{"line":643,"column":17},"end":{"line":643,"column":66}},{"start":{"line":643,"column":66},"end":{"line":643,"column":null}}],"line":643},"18":{"loc":{"start":{"line":646,"column":17},"end":{"line":650,"column":null}},"type":"cond-expr","locations":[{"start":{"line":647,"column":20},"end":{"line":649,"column":null}},{"start":{"line":650,"column":20},"end":{"line":650,"column":null}}],"line":646},"19":{"loc":{"start":{"line":671,"column":25},"end":{"line":671,"column":null}},"type":"binary-expr","locations":[{"start":{"line":671,"column":25},"end":{"line":671,"column":48}},{"start":{"line":671,"column":48},"end":{"line":671,"column":null}}],"line":671},"20":{"loc":{"start":{"line":687,"column":22},"end":{"line":687,"column":null}},"type":"binary-expr","locations":[{"start":{"line":687,"column":22},"end":{"line":687,"column":44}},{"start":{"line":687,"column":44},"end":{"line":687,"column":null}}],"line":687}},"s":{"0":1,"1":1,"2":1,"3":1,"4":1,"5":1,"6":29,"7":29,"8":29,"9":29,"10":29,"11":29,"12":29,"13":29,"14":29,"15":29,"16":29,"17":29,"18":29,"19":29,"20":0,"21":29,"22":29,"23":29,"24":29,"25":0,"26":0,"27":0,"28":29,"29":0,"30":0,"31":0,"32":0,"33":29,"34":0,"35":0,"36":29,"37":0,"38":0,"39":29,"40":0,"41":0,"42":0,"43":0,"44":29,"45":0,"46":0,"47":29,"48":0,"49":0,"50":29,"51":0,"52":0,"53":29,"54":0,"55":0,"56":0,"57":0,"58":29,"59":1,"60":1,"61":0,"62":0,"63":0,"64":29,"65":0,"66":0,"67":0,"68":0,"69":29,"70":0,"71":0,"72":0,"73":0,"74":29,"75":54,"76":1,"77":54,"78":54,"79":135,"80":54,"81":54,"82":81,"83":54,"84":54,"85":54,"86":2,"87":1,"88":1,"89":1,"90":1,"91":29,"92":2,"93":0,"94":0,"95":0,"96":2,"97":2,"98":0,"99":29,"100":1,"101":28,"102":2,"103":84,"104":84,"105":47,"106":0,"107":84,"108":0,"109":6,"110":0,"111":6,"112":6,"113":3,"114":3,"115":6,"116":0,"117":0,"118":0,"119":0,"120":0},"f":{"0":29,"1":0,"2":0,"3":0,"4":0,"5":0,"6":0,"7":0,"8":0,"9":0,"10":0,"11":0,"12":0,"13":0,"14":0,"15":0,"16":0,"17":0,"18":0,"19":1,"20":0,"21":0,"22":0,"23":0,"24":0,"25":54,"26":1,"27":54,"28":54,"29":135,"30":54,"31":81,"32":54,"33":54,"34":2,"35":1,"36":1,"37":1,"38":2,"39":0,"40":2,"41":2,"42":0,"43":2,"44":84,"45":84,"46":47,"47":0,"48":84,"49":0,"50":6,"51":0,"52":6,"53":6,"54":3,"55":3,"56":6,"57":0,"58":0,"59":0,"60":0},"b":{"0":[0,0],"1":[1,0],"2":[0,0],"3":[0,0],"4":[0,0],"5":[54,0],"6":[54,0],"7":[27,27],"8":[27,27],"9":[0,0],"10":[1,28],"11":[28,0],"12":[29,1],"13":[29,2],"14":[29,3],"15":[3,0],"16":[3,0],"17":[3,0],"18":[3,0],"19":[29,27],"20":[29,0]},"meta":{"lastBranch":21,"lastFunction":61,"lastStatement":121,"seen":{"s:44:21:44:Infinity":0,"s:45:17:45:Infinity":1,"s:47:76:51:Infinity":2,"s:53:80:57:Infinity":3,"s:59:67:63:Infinity":4,"s:65:6:737:Infinity":5,"f:65:6:65:37":0,"s:66:29:66:Infinity":6,"s:67:17:67:Infinity":7,"s:68:21:68:Infinity":8,"s:69:23:69:Infinity":9,"s:71:38:71:Infinity":10,"s:72:38:72:Infinity":11,"s:73:38:73:Infinity":12,"s:74:44:74:Infinity":13,"s:75:38:75:Infinity":14,"s:78:42:78:77":15,"s:79:38:79:71":16,"s:80:26:80:Infinity":17,"s:81:19:81:Infinity":18,"s:83:18:83:Infinity":19,"f:83:18:83:32":1,"s:83:38:83:47":20,"s:85:43:94:Infinity":21,"s:96:33:100:Infinity":22,"s:102:59:106:Infinity":23,"s:109:25:118:Infinity":24,"f:113:4:113:21":2,"s:114:6:114:Infinity":25,"s:115:6:115:Infinity":26,"s:116:6:116:Infinity":27,"s:120:25:129:Infinity":28,"f:122:4:122:15":3,"s:122:24:122:Infinity":29,"f:124:4:124:21":4,"s:125:6:125:Infinity":30,"s:126:6:126:Infinity":31,"s:127:6:127:Infinity":32,"s:131:25:138:Infinity":33,"f:133:4:133:15":5,"s:133:24:133:Infinity":34,"f:135:4:135:21":6,"s:136:6:136:Infinity":35,"s:140:26:147:Infinity":36,"f:142:4:142:15":7,"s:142:24:142:Infinity":37,"f:144:4:144:21":8,"s:145:6:145:Infinity":38,"s:149:31:158:Infinity":39,"f:151:4:151:15":9,"s:151:24:151:Infinity":40,"f:153:4:153:21":10,"s:154:6:154:Infinity":41,"s:155:6:155:Infinity":42,"s:156:6:156:Infinity":43,"s:160:31:167:Infinity":44,"f:162:4:162:15":11,"s:162:24:162:Infinity":45,"f:164:4:164:21":12,"s:165:6:165:Infinity":46,"s:169:35:179:Infinity":47,"f:174:4:174:15":13,"s:174:24:174:Infinity":48,"f:176:4:176:21":14,"s:177:6:177:Infinity":49,"s:181:23:185:Infinity":50,"f:181:23:181:41":15,"s:182:4:184:Infinity":51,"f:182:26:182:32":16,"s:183:6:183:Infinity":52,"s:187:21:192:Infinity":53,"f:187:21:187:39":17,"b:188:4:188:Infinity:undefined:undefined:undefined:undefined":0,"s:188:4:188:Infinity":54,"s:188:21:188:Infinity":55,"s:189:4:191:Infinity":56,"f:189:30:189:36":18,"s:190:6:190:Infinity":57,"s:194:29:212:Infinity":58,"f:194:29:194:Infinity":19,"s:196:21:196:Infinity":59,"b:196:50:196:57:196:57:196:Infinity":1,"s:197:6:209:Infinity":60,"f:202:8:202:20":20,"b:203:10:207:Infinity:205:17:207:Infinity":2,"s:203:10:207:Infinity":61,"s:204:12:204:Infinity":62,"s:206:12:206:Infinity":63,"s:214:29:232:Infinity":64,"f:214:29:214:Infinity":21,"b:216:6:216:Infinity:undefined:undefined:undefined:undefined":3,"s:216:6:216:Infinity":65,"s:216:26:216:Infinity":66,"s:217:6:229:Infinity":67,"f:223:8:223:20":22,"s:224:10:227:Infinity":68,"s:234:23:242:Infinity":69,"f:234:23:234:41":23,"b:235:4:235:Infinity:undefined:undefined:undefined:undefined":4,"s:235:4:235:Infinity":70,"s:235:24:235:Infinity":71,"s:236:4:241:Infinity":72,"f:236:32:236:38":24,"s:237:6:240:Infinity":73,"s:244:39:346:Infinity":74,"f:250:6:250:15":25,"s:251:8:253:Infinity":75,"f:251:11:251:26":26,"s:251:26:251:49":76,"f:261:6:261:15":27,"s:262:8:264:Infinity":77,"f:272:6:272:15":28,"s:273:20:273:Infinity":78,"f:273:33:273:39":29,"s:273:45:273:61":79,"s:274:8:274:Infinity":80,"b:274:40:274:54:274:54:274:64":5,"f:282:6:282:15":30,"s:283:20:283:Infinity":81,"f:283:35:283:41":31,"s:283:47:283:65":82,"s:284:8:284:Infinity":83,"b:284:40:284:54:284:54:284:66":6,"f:292:6:292:15":32,"s:292:29:292:Infinity":84,"f:298:6:298:15":33,"s:299:8:343:Infinity":85,"f:301:56:301:71":34,"s:301:71:301:95":86,"f:308:14:308:29":35,"s:309:16:309:Infinity":87,"s:310:16:316:Infinity":88,"b:320:55:320:62:320:62:320:Infinity":7,"b:327:18:329:19:329:18:329:Infinity":8,"f:332:14:332:29":36,"s:332:29:332:Infinity":89,"f:340:14:340:29":37,"s:340:29:340:Infinity":90,"s:348:51:406:Infinity":91,"f:366:6:366:15":38,"s:367:8:381:Infinity":92,"f:373:10:373:21":39,"b:374:12:374:Infinity:undefined:undefined:undefined:undefined":9,"s:374:12:374:Infinity":93,"s:374:32:374:Infinity":94,"s:375:12:379:Infinity":95,"f:389:6:389:15":40,"s:389:29:389:Infinity":96,"f:395:6:395:15":41,"s:396:8:403:Infinity":97,"f:399:10:399:25":42,"s:399:25:399:Infinity":98,"b:408:2:414:Infinity:undefined:undefined:undefined:undefined":10,"s:408:2:414:Infinity":99,"s:409:4:412:Infinity":100,"s:416:2:735:Infinity":101,"f:426:12:426:27":43,"s:426:27:426:Infinity":102,"f:443:36:443:41":44,"s:443:48:443:83":103,"f:451:34:451:39":45,"s:451:46:451:81":104,"b:458:22:458:44:458:44:458:Infinity":11,"b:463:19:463:41:463:41:463:Infinity":12,"f:466:12:466:24":46,"s:466:30:466:Infinity":105,"f:477:8:477:24":47,"s:477:24:477:Infinity":106,"f:508:42:508:47":48,"s:508:54:508:89":107,"f:520:8:520:23":49,"s:520:23:520:Infinity":108,"b:528:9:528:Infinity:529:10:596:Infinity":13,"f:538:44:538:49":50,"s:538:56:538:91":109,"f:604:8:604:23":51,"s:604:23:604:Infinity":110,"b:607:9:607:Infinity:608:10:665:Infinity":14,"f:621:38:621:44":52,"s:621:50:621:77":111,"f:623:32:623:38":53,"s:623:44:623:71":112,"f:628:40:628:46":54,"s:628:52:628:81":113,"f:630:34:630:40":55,"s:630:46:630:75":114,"b:637:17:637:81:637:81:637:Infinity":15,"b:640:17:640:55:640:55:640:Infinity":16,"b:643:17:643:66:643:66:643:Infinity":17,"b:647:20:649:Infinity:650:20:650:Infinity":18,"f:647:46:647:51":56,"s:648:22:648:Infinity":115,"f:657:16:657:31":57,"s:658:18:658:Infinity":116,"s:659:18:659:Infinity":117,"b:671:25:671:48:671:48:671:Infinity":19,"f:673:8:673:23":58,"s:673:23:673:Infinity":118,"f:679:12:679:27":59,"s:679:27:679:Infinity":119,"b:687:22:687:44:687:44:687:Infinity":20,"f:700:8:700:24":60,"s:700:24:700:Infinity":120},"fnNames":{}}}
}
