{"total": {"lines":{"total":648,"covered":534,"skipped":0,"pct":82.4},"statements":{"total":719,"covered":569,"skipped":0,"pct":79.13},"functions":{"total":208,"covered":140,"skipped":0,"pct":67.3},"branches":{"total":444,"covered":366,"skipped":0,"pct":82.43},"branchesTrue":{"total":0,"covered":0,"skipped":0,"pct":100}}
,"D:\\ai\\ai-platform-web\\src\\App.tsx": {"lines":{"total":37,"covered":35,"skipped":0,"pct":94.59},"functions":{"total":27,"covered":9,"skipped":0,"pct":33.33},"statements":{"total":61,"covered":41,"skipped":0,"pct":67.21},"branches":{"total":11,"covered":6,"skipped":0,"pct":54.54}}
,"D:\\ai\\ai-platform-web\\src\\api\\client.ts": {"lines":{"total":128,"covered":94,"skipped":0,"pct":73.43},"functions":{"total":19,"covered":12,"skipped":0,"pct":63.15},"statements":{"total":133,"covered":95,"skipped":0,"pct":71.42},"branches":{"total":61,"covered":40,"skipped":0,"pct":65.57}}
,"D:\\ai\\ai-platform-web\\src\\components\\AnimatedNumber.tsx": {"lines":{"total":25,"covered":25,"skipped":0,"pct":100},"functions":{"total":5,"covered":5,"skipped":0,"pct":100},"statements":{"total":26,"covered":25,"skipped":0,"pct":96.15},"branches":{"total":11,"covered":9,"skipped":0,"pct":81.81}}
,"D:\\ai\\ai-platform-web\\src\\components\\Breadcrumb.tsx": {"lines":{"total":32,"covered":20,"skipped":0,"pct":62.5},"functions":{"total":10,"covered":6,"skipped":0,"pct":60},"statements":{"total":35,"covered":21,"skipped":0,"pct":60},"branches":{"total":16,"covered":10,"skipped":0,"pct":62.5}}
,"D:\\ai\\ai-platform-web\\src\\components\\Button.tsx": {"lines":{"total":0,"covered":0,"skipped":0,"pct":100},"functions":{"total":0,"covered":0,"skipped":0,"pct":100},"statements":{"total":0,"covered":0,"skipped":0,"pct":100},"branches":{"total":0,"covered":0,"skipped":0,"pct":100}}
,"D:\\ai\\ai-platform-web\\src\\components\\EmptyState.tsx": {"lines":{"total":2,"covered":2,"skipped":0,"pct":100},"functions":{"total":1,"covered":1,"skipped":0,"pct":100},"statements":{"total":2,"covered":2,"skipped":0,"pct":100},"branches":{"total":11,"covered":11,"skipped":0,"pct":100}}
,"D:\\ai\\ai-platform-web\\src\\components\\ErrorBoundary.tsx": {"lines":{"total":8,"covered":8,"skipped":0,"pct":100},"functions":{"total":4,"covered":4,"skipped":0,"pct":100},"statements":{"total":8,"covered":8,"skipped":0,"pct":100},"branches":{"total":4,"covered":3,"skipped":0,"pct":75}}
,"D:\\ai\\ai-platform-web\\src\\components\\ErrorState.tsx": {"lines":{"total":21,"covered":21,"skipped":0,"pct":100},"functions":{"total":5,"covered":5,"skipped":0,"pct":100},"statements":{"total":21,"covered":21,"skipped":0,"pct":100},"branches":{"total":19,"covered":18,"skipped":0,"pct":94.73}}
,"D:\\ai\\ai-platform-web\\src\\components\\GlassCard.tsx": {"lines":{"total":17,"covered":17,"skipped":0,"pct":100},"functions":{"total":3,"covered":3,"skipped":0,"pct":100},"statements":{"total":17,"covered":17,"skipped":0,"pct":100},"branches":{"total":10,"covered":9,"skipped":0,"pct":90}}
,"D:\\ai\\ai-platform-web\\src\\components\\LanguageSwitcher.tsx": {"lines":{"total":5,"covered":5,"skipped":0,"pct":100},"functions":{"total":3,"covered":3,"skipped":0,"pct":100},"statements":{"total":6,"covered":6,"skipped":0,"pct":100},"branches":{"total":0,"covered":0,"skipped":0,"pct":100}}
,"D:\\ai\\ai-platform-web\\src\\components\\PageHeader.tsx": {"lines":{"total":3,"covered":3,"skipped":0,"pct":100},"functions":{"total":1,"covered":1,"skipped":0,"pct":100},"statements":{"total":3,"covered":3,"skipped":0,"pct":100},"branches":{"total":10,"covered":10,"skipped":0,"pct":100}}
,"D:\\ai\\ai-platform-web\\src\\components\\StatCard.tsx": {"lines":{"total":5,"covered":5,"skipped":0,"pct":100},"functions":{"total":1,"covered":1,"skipped":0,"pct":100},"statements":{"total":5,"covered":5,"skipped":0,"pct":100},"branches":{"total":16,"covered":16,"skipped":0,"pct":100}}
,"D:\\ai\\ai-platform-web\\src\\components\\StatusPill.tsx": {"lines":{"total":14,"covered":14,"skipped":0,"pct":100},"functions":{"total":3,"covered":3,"skipped":0,"pct":100},"statements":{"total":19,"covered":18,"skipped":0,"pct":94.73},"branches":{"total":15,"covered":14,"skipped":0,"pct":93.33}}
,"D:\\ai\\ai-platform-web\\src\\components\\VirtualTable.tsx": {"lines":{"total":36,"covered":33,"skipped":0,"pct":91.66},"functions":{"total":11,"covered":8,"skipped":0,"pct":72.72},"statements":{"total":40,"covered":36,"skipped":0,"pct":90},"branches":{"total":35,"covered":30,"skipped":0,"pct":85.71}}
,"D:\\ai\\ai-platform-web\\src\\components\\index.ts": {"lines":{"total":0,"covered":0,"skipped":0,"pct":100},"functions":{"total":0,"covered":0,"skipped":0,"pct":100},"statements":{"total":0,"covered":0,"skipped":0,"pct":100},"branches":{"total":0,"covered":0,"skipped":0,"pct":100}}
,"D:\\ai\\ai-platform-web\\src\\components\\ui\\Button.tsx": {"lines":{"total":21,"covered":14,"skipped":0,"pct":66.66},"functions":{"total":3,"covered":2,"skipped":0,"pct":66.66},"statements":{"total":22,"covered":14,"skipped":0,"pct":63.63},"branches":{"total":28,"covered":21,"skipped":0,"pct":75}}
,"D:\\ai\\ai-platform-web\\src\\components\\ui\\Input.tsx": {"lines":{"total":12,"covered":12,"skipped":0,"pct":100},"functions":{"total":3,"covered":3,"skipped":0,"pct":100},"statements":{"total":12,"covered":12,"skipped":0,"pct":100},"branches":{"total":26,"covered":25,"skipped":0,"pct":96.15}}
,"D:\\ai\\ai-platform-web\\src\\components\\ui\\Tag.tsx": {"lines":{"total":7,"covered":5,"skipped":0,"pct":71.42},"functions":{"total":4,"covered":2,"skipped":0,"pct":50},"statements":{"total":7,"covered":5,"skipped":0,"pct":71.42},"branches":{"total":3,"covered":3,"skipped":0,"pct":100}}
,"D:\\ai\\ai-platform-web\\src\\contexts\\auth.ts": {"lines":{"total":62,"covered":60,"skipped":0,"pct":96.77},"functions":{"total":14,"covered":14,"skipped":0,"pct":100},"statements":{"total":70,"covered":68,"skipped":0,"pct":97.14},"branches":{"total":39,"covered":38,"skipped":0,"pct":97.43}}
,"D:\\ai\\ai-platform-web\\src\\contexts\\theme.tsx": {"lines":{"total":21,"covered":21,"skipped":0,"pct":100},"functions":{"total":7,"covered":7,"skipped":0,"pct":100},"statements":{"total":26,"covered":26,"skipped":0,"pct":100},"branches":{"total":12,"covered":12,"skipped":0,"pct":100}}
,"D:\\ai\\ai-platform-web\\src\\hooks\\index.ts": {"lines":{"total":0,"covered":0,"skipped":0,"pct":100},"functions":{"total":0,"covered":0,"skipped":0,"pct":100},"statements":{"total":0,"covered":0,"skipped":0,"pct":100},"branches":{"total":0,"covered":0,"skipped":0,"pct":100}}
,"D:\\ai\\ai-platform-web\\src\\hooks\\useApiQuery.ts": {"lines":{"total":8,"covered":8,"skipped":0,"pct":100},"functions":{"total":6,"covered":6,"skipped":0,"pct":100},"statements":{"total":8,"covered":8,"skipped":0,"pct":100},"branches":{"total":14,"covered":14,"skipped":0,"pct":100}}
,"D:\\ai\\ai-platform-web\\src\\i18n\\index.ts": {"lines":{"total":12,"covered":12,"skipped":0,"pct":100},"functions":{"total":2,"covered":2,"skipped":0,"pct":100},"statements":{"total":14,"covered":12,"skipped":0,"pct":85.71},"branches":{"total":6,"covered":4,"skipped":0,"pct":66.66}}
,"D:\\ai\\ai-platform-web\\src\\pages\\Conversations.tsx": {"lines":{"total":36,"covered":29,"skipped":0,"pct":80.55},"functions":{"total":10,"covered":9,"skipped":0,"pct":90},"statements":{"total":39,"covered":31,"skipped":0,"pct":79.48},"branches":{"total":45,"covered":41,"skipped":0,"pct":91.11}}
,"D:\\ai\\ai-platform-web\\src\\pages\\Dashboard.tsx": {"lines":{"total":4,"covered":4,"skipped":0,"pct":100},"functions":{"total":2,"covered":2,"skipped":0,"pct":100},"statements":{"total":4,"covered":4,"skipped":0,"pct":100},"branches":{"total":6,"covered":6,"skipped":0,"pct":100}}
,"D:\\ai\\ai-platform-web\\src\\pages\\Login.tsx": {"lines":{"total":19,"covered":18,"skipped":0,"pct":94.73},"functions":{"total":3,"covered":3,"skipped":0,"pct":100},"statements":{"total":20,"covered":19,"skipped":0,"pct":95},"branches":{"total":4,"covered":3,"skipped":0,"pct":75}}
,"D:\\ai\\ai-platform-web\\src\\pages\\admin\\Tenants.tsx": {"lines":{"total":113,"covered":69,"skipped":0,"pct":61.06},"functions":{"total":61,"covered":29,"skipped":0,"pct":47.54},"statements":{"total":121,"covered":72,"skipped":0,"pct":59.5},"branches":{"total":42,"covered":23,"skipped":0,"pct":54.76}}
}
