TN:
SF:src\App.tsx
FN:15,(anonymous_0)
FN:16,(anonymous_1)
FN:17,(anonymous_2)
FN:18,(anonymous_3)
FN:19,(anonymous_4)
FN:20,(anonymous_5)
FN:21,(anonymous_6)
FN:22,(anonymous_7)
FN:23,(anonymous_8)
FN:24,(anonymous_9)
FN:25,(anonymous_10)
FN:26,(anonymous_11)
FN:27,(anonymous_12)
FN:30,(anonymous_13)
FN:33,(anonymous_14)
FN:34,(anonymous_15)
FN:35,(anonymous_16)
FN:36,(anonymous_17)
FN:37,(anonymous_18)
FN:38,(anonymous_19)
FN:39,(anonymous_20)
FN:51,(anonymous_21)
FN:56,(anonymous_22)
FN:57,(anonymous_23)
FN:58,(anonymous_24)
FN:110,(anonymous_25)
FN:131,(anonymous_26)
FNF:27
FNH:9
FNDA:1,(anonymous_0)
FNDA:1,(anonymous_1)
FNDA:1,(anonymous_2)
FNDA:0,(anonymous_3)
FNDA:0,(anonymous_4)
FNDA:0,(anonymous_5)
FNDA:0,(anonymous_6)
FNDA:0,(anonymous_7)
FNDA:0,(anonymous_8)
FNDA:0,(anonymous_9)
FNDA:0,(anonymous_10)
FNDA:0,(anonymous_11)
FNDA:0,(anonymous_12)
FNDA:0,(anonymous_13)
FNDA:0,(anonymous_14)
FNDA:0,(anonymous_15)
FNDA:0,(anonymous_16)
FNDA:0,(anonymous_17)
FNDA:0,(anonymous_18)
FNDA:0,(anonymous_19)
FNDA:0,(anonymous_20)
FNDA:7,(anonymous_21)
FNDA:7,(anonymous_22)
FNDA:7,(anonymous_23)
FNDA:7,(anonymous_24)
FNDA:3,(anonymous_25)
FNDA:6,(anonymous_26)
DA:15,1
DA:16,1
DA:17,1
DA:18,1
DA:19,1
DA:20,1
DA:21,1
DA:22,1
DA:23,1
DA:24,1
DA:25,1
DA:26,1
DA:27,1
DA:30,1
DA:33,1
DA:34,1
DA:35,1
DA:36,1
DA:37,1
DA:38,1
DA:39,1
DA:51,1
DA:56,7
DA:57,7
DA:58,7
DA:59,7
DA:61,7
DA:62,2
DA:65,5
DA:66,0
DA:86,5
DA:87,0
DA:107,5
DA:110,1
DA:111,3
DA:131,1
DA:132,6
LF:37
LH:35
BRDA:61,0,0,2
BRDA:61,0,1,5
BRDA:65,1,0,0
BRDA:65,1,1,5
BRDA:65,2,0,5
BRDA:65,2,1,0
BRDA:65,2,2,0
BRDA:86,3,0,0
BRDA:86,3,1,5
BRDA:86,4,0,5
BRDA:86,4,1,0
BRF:11
BRH:6
end_of_record
TN:
SF:src\api\client.ts
FN:16,onTokenRefreshed
FN:17,(anonymous_1)
FN:21,addRefreshSubscriber
FN:28,refreshAccessToken
FN:50,constructor
FN:58,(anonymous_5)
FN:67,(anonymous_6)
FN:69,(anonymous_7)
FN:88,(anonymous_8)
FN:89,(anonymous_9)
FN:152,get
FN:161,getRaw
FN:166,post
FN:171,put
FN:176,delete
FN:181,upload
FN:192,streamChat
FN:203,(anonymous_17)
FN:209,(anonymous_18)
FNF:19
FNH:12
FNDA:0,onTokenRefreshed
FNDA:0,(anonymous_1)
FNDA:0,addRefreshSubscriber
FNDA:0,refreshAccessToken
FNDA:25,constructor
FNDA:2,(anonymous_5)
FNDA:1,(anonymous_6)
FNDA:7,(anonymous_7)
FNDA:0,(anonymous_8)
FNDA:0,(anonymous_9)
FNDA:1,get
FNDA:1,getRaw
FNDA:1,post
FNDA:1,put
FNDA:1,delete
FNDA:1,upload
FNDA:7,streamChat
FNDA:0,(anonymous_17)
FNDA:7,(anonymous_18)
DA:8,25
DA:13,25
DA:14,25
DA:17,0
DA:18,0
DA:22,0
DA:29,0
DA:30,0
DA:32,0
DA:33,0
DA:36,0
DA:37,0
DA:38,0
DA:39,0
DA:41,0
DA:43,0
DA:51,25
DA:58,25
DA:59,2
DA:60,2
DA:61,1
DA:63,2
DA:67,25
DA:68,1
DA:70,7
DA:71,7
DA:76,7
DA:82,2
DA:83,2
DA:84,0
DA:86,0
DA:88,0
DA:89,0
DA:90,0
DA:91,0
DA:96,0
DA:97,0
DA:98,0
DA:99,0
DA:100,0
DA:101,0
DA:102,0
DA:103,0
DA:108,0
DA:113,2
DA:114,2
DA:115,2
DA:116,2
DA:117,2
DA:118,1
DA:119,1
DA:122,2
DA:126,5
DA:127,1
DA:131,4
DA:132,1
DA:133,1
DA:137,3
DA:138,1
DA:141,2
DA:142,7
DA:143,7
DA:145,7
DA:157,1
DA:158,1
DA:162,1
DA:163,1
DA:167,1
DA:168,1
DA:172,1
DA:173,1
DA:177,1
DA:178,1
DA:182,1
DA:183,1
DA:184,1
DA:187,1
DA:200,7
DA:201,7
DA:203,7
DA:204,7
DA:206,7
DA:208,7
DA:209,7
DA:210,7
DA:211,7
DA:212,7
DA:216,7
DA:217,7
DA:227,2
DA:228,1
DA:230,2
DA:231,2
DA:233,7
DA:236,5
DA:238,2
DA:243,2
DA:244,2
DA:245,2
DA:248,3
DA:249,7
DA:250,0
DA:251,0
DA:252,0
DA:255,3
DA:256,3
DA:258,3
DA:259,3
DA:260,7
DA:261,7
DA:263,7
DA:264,7
DA:265,7
DA:267,7
DA:268,7
DA:269,7
DA:270,7
DA:271,3
DA:272,3
DA:274,4
DA:275,4
DA:276,4
DA:277,7
DA:285,0
DA:286,0
DA:289,3
DA:291,0
DA:295,25
LF:128
LH:94
BRDA:8,0,0,25
BRDA:8,0,1,0
BRDA:30,1,0,0
BRDA:30,1,1,0
BRDA:37,2,0,0
BRDA:37,2,1,0
BRDA:37,3,0,0
BRDA:37,3,1,0
BRDA:60,4,0,1
BRDA:60,4,1,1
BRDA:76,5,0,2
BRDA:76,5,1,5
BRDA:77,6,0,7
BRDA:77,6,1,2
BRDA:77,6,2,2
BRDA:77,6,3,2
BRDA:83,7,0,0
BRDA:83,7,1,2
BRDA:86,8,0,0
BRDA:86,8,1,0
BRDA:99,9,0,0
BRDA:99,9,1,0
BRDA:114,10,0,2
BRDA:114,10,1,0
BRDA:117,11,0,1
BRDA:117,11,1,1
BRDA:126,12,0,1
BRDA:126,12,1,4
BRDA:131,13,0,1
BRDA:131,13,1,3
BRDA:137,14,0,1
BRDA:137,14,1,2
BRDA:142,15,0,7
BRDA:142,15,1,1
BRDA:142,15,2,0
BRDA:201,16,0,7
BRDA:201,16,1,7
BRDA:210,17,0,7
BRDA:210,17,1,0
BRDA:227,18,0,1
BRDA:227,18,1,1
BRDA:236,19,0,2
BRDA:236,19,1,3
BRDA:238,20,0,1
BRDA:238,20,1,1
BRDA:240,21,0,1
BRDA:240,21,1,0
BRDA:249,22,0,0
BRDA:249,22,1,7
BRDA:261,23,0,0
BRDA:261,23,1,7
BRDA:265,24,0,7
BRDA:265,24,1,7
BRDA:268,25,0,7
BRDA:268,25,1,0
BRDA:270,26,0,3
BRDA:270,26,1,4
BRDA:277,27,0,3
BRDA:277,27,1,4
BRDA:285,28,0,0
BRDA:285,28,1,0
BRF:61
BRH:40
end_of_record
TN:
SF:src\components\AnimatedNumber.tsx
FN:19,easeOutExpo
FN:23,(anonymous_1)
FN:34,(anonymous_2)
FN:41,(anonymous_3)
FN:58,(anonymous_4)
FNF:5
FNH:5
FNDA:16,easeOutExpo
FNDA:19,(anonymous_1)
FNDA:10,(anonymous_2)
FNDA:16,(anonymous_3)
FNDA:10,(anonymous_4)
DA:20,16
DA:23,4
DA:30,19
DA:31,19
DA:32,19
DA:34,19
DA:35,10
DA:36,10
DA:37,10
DA:39,10
DA:41,10
DA:42,16
DA:43,16
DA:44,16
DA:45,16
DA:47,16
DA:49,16
DA:50,9
DA:52,7
DA:56,10
DA:58,10
DA:59,10
DA:60,10
DA:65,19
DA:67,19
LF:25
LH:25
BRDA:20,0,0,7
BRDA:20,0,1,9
BRDA:25,1,0,19
BRDA:37,2,0,0
BRDA:37,2,1,10
BRDA:49,3,0,9
BRDA:49,3,1,7
BRDA:59,4,0,10
BRDA:59,4,1,0
BRDA:65,5,0,2
BRDA:65,5,1,17
BRF:11
BRH:9
end_of_record
TN:
SF:src\components\Breadcrumb.tsx
FN:44,useAutoCrumbs
FN:71,(anonymous_1)
FN:89,(anonymous_2)
FN:92,(anonymous_3)
FN:106,(anonymous_4)
FN:118,(anonymous_5)
FN:127,(anonymous_6)
FN:157,(anonymous_7)
FN:160,(anonymous_8)
FN:167,(anonymous_9)
FNF:10
FNH:6
FNDA:1,useAutoCrumbs
FNDA:93,(anonymous_1)
FNDA:0,(anonymous_2)
FNDA:0,(anonymous_3)
FNDA:61,(anonymous_4)
FNDA:1,(anonymous_5)
FNDA:60,(anonymous_6)
FNDA:0,(anonymous_7)
FNDA:0,(anonymous_8)
FNDA:94,(anonymous_9)
DA:46,1
DA:47,1
DA:52,1
DA:54,0
DA:56,0
DA:57,0
DA:58,0
DA:61,0
DA:65,0
DA:68,0
DA:71,4
DA:73,93
DA:79,93
DA:80,6
DA:90,0
DA:93,0
DA:101,87
DA:106,4
DA:107,61
DA:110,61
DA:111,60
DA:114,1
DA:118,4
DA:121,1
DA:122,1
DA:123,0
DA:127,4
DA:131,60
DA:133,60
DA:158,0
DA:161,0
DA:168,94
LF:32
LH:20
BRDA:58,0,0,0
BRDA:58,0,1,0
BRDA:61,1,0,0
BRDA:61,1,1,0
BRDA:79,2,0,6
BRDA:79,2,1,87
BRDA:107,3,0,61
BRDA:107,3,1,60
BRDA:110,4,0,60
BRDA:110,4,1,1
BRDA:122,5,0,1
BRDA:122,5,1,0
BRDA:131,6,0,0
BRDA:131,6,1,60
BRDA:168,7,0,94
BRDA:168,7,1,88
BRF:16
BRH:10
end_of_record
TN:
SF:src\components\Button.tsx
FNF:0
FNH:0
LF:0
LH:0
BRF:0
BRH:0
end_of_record
TN:
SF:src\components\EmptyState.tsx
FN:24,(anonymous_0)
FNF:1
FNH:1
FNDA:8,(anonymous_0)
DA:24,4
DA:32,8
LF:2
LH:2
BRDA:45,0,0,8
BRDA:45,0,1,7
BRDA:51,1,0,1
BRDA:51,1,1,7
BRDA:52,2,0,1
BRDA:52,2,1,7
BRDA:71,3,0,8
BRDA:71,3,1,1
BRDA:86,4,0,8
BRDA:86,4,1,3
BRDA:86,4,2,2
BRF:11
BRH:11
end_of_record
TN:
SF:src\components\ErrorBoundary.tsx
FN:19,constructor
FN:24,getDerivedStateFromError
FN:28,componentDidCatch
FN:38,render
FNF:4
FNH:4
FNDA:12,constructor
FNDA:2,getDerivedStateFromError
FNDA:4,componentDidCatch
FNDA:27,render
DA:20,12
DA:21,12
DA:25,8
DA:29,4
DA:32,4
DA:39,27
DA:40,8
DA:42,19
LF:8
LH:8
BRDA:39,0,0,8
BRDA:39,0,1,19
BRDA:40,1,0,8
BRDA:40,1,1,0
BRF:4
BRH:3
end_of_record
TN:
SF:src\components\ErrorState.tsx
FN:36,(anonymous_0)
FN:48,(anonymous_1)
FN:76,(anonymous_2)
FN:170,(anonymous_3)
FN:285,(anonymous_4)
FNF:5
FNH:5
FNDA:24,(anonymous_0)
FNDA:20,(anonymous_1)
FNDA:10,(anonymous_2)
FNDA:14,(anonymous_3)
FNDA:1,(anonymous_4)
DA:18,6
DA:36,6
DA:43,24
DA:44,24
DA:45,24
DA:48,24
DA:49,20
DA:50,6
DA:52,14
DA:59,24
DA:61,24
DA:62,14
DA:65,10
DA:76,6
DA:77,10
DA:78,10
DA:170,6
DA:176,14
DA:177,14
DA:179,14
DA:285,1
LF:21
LH:21
BRDA:39,0,0,24
BRDA:45,1,0,24
BRDA:45,1,1,23
BRDA:49,2,0,6
BRDA:49,2,1,14
BRDA:52,3,0,14
BRDA:52,3,1,0
BRDA:59,4,0,10
BRDA:59,4,1,14
BRDA:61,5,0,14
BRDA:61,5,1,10
BRDA:119,6,0,10
BRDA:119,6,1,1
BRDA:151,7,0,10
BRDA:151,7,1,2
BRDA:243,8,0,14
BRDA:243,8,1,13
BRDA:266,9,0,14
BRDA:266,9,1,1
BRF:19
BRH:18
end_of_record
TN:
SF:src\components\GlassCard.tsx
FN:21,(anonymous_0)
FN:34,(anonymous_1)
FN:44,(anonymous_2)
FNF:3
FNH:3
FNDA:81,(anonymous_0)
FNDA:18,(anonymous_1)
FNDA:2,(anonymous_2)
DA:21,4
DA:31,81
DA:32,81
DA:34,81
DA:35,18
DA:36,3
DA:37,3
DA:38,3
DA:39,3
DA:41,18
DA:44,81
DA:45,2
DA:46,2
DA:47,2
DA:48,2
DA:50,2
DA:53,81
LF:17
LH:17
BRDA:22,0,0,81
BRDA:23,1,0,81
BRDA:32,2,0,81
BRDA:32,2,1,1
BRDA:35,3,0,3
BRDA:35,3,1,15
BRDA:45,4,0,2
BRDA:45,4,1,0
BRDA:63,5,0,3
BRDA:63,5,1,77
BRF:10
BRH:9
end_of_record
TN:
SF:src\components\LanguageSwitcher.tsx
FN:14,(anonymous_0)
FN:17,(anonymous_1)
FN:27,(anonymous_2)
FNF:3
FNH:3
FNDA:6,(anonymous_0)
FNDA:12,(anonymous_1)
FNDA:2,(anonymous_2)
DA:14,4
DA:15,6
DA:17,12
DA:22,6
DA:27,2
LF:5
LH:5
BRF:0
BRH:0
end_of_record
TN:
SF:src\components\PageHeader.tsx
FN:38,(anonymous_0)
FNF:1
FNH:1
FNDA:61,(anonymous_0)
DA:21,4
DA:38,4
DA:46,61
LF:3
LH:3
BRDA:44,0,0,61
BRDA:49,1,0,61
BRDA:49,1,1,53
BRDA:49,1,2,53
BRDA:61,2,0,61
BRDA:61,2,1,1
BRDA:92,3,0,61
BRDA:92,3,1,53
BRDA:108,4,0,61
BRDA:108,4,1,29
BRF:10
BRH:10
end_of_record
TN:
SF:src\components\StatCard.tsx
FN:27,(anonymous_0)
FNF:1
FNH:1
FNDA:11,(anonymous_0)
DA:15,4
DA:27,4
DA:28,11
DA:29,11
DA:31,11
LF:5
LH:5
BRDA:29,0,0,11
BRDA:29,0,1,3
BRDA:68,1,0,10
BRDA:68,1,1,1
BRDA:77,2,0,11
BRDA:77,2,1,1
BRDA:91,3,0,11
BRDA:91,3,1,3
BRDA:100,4,0,2
BRDA:100,4,1,1
BRDA:103,5,0,2
BRDA:103,5,1,1
BRDA:106,6,0,2
BRDA:106,6,1,1
BRDA:109,7,0,3
BRDA:109,7,1,1
BRF:16
BRH:16
end_of_record
TN:
SF:src\components\StatusPill.tsx
FN:106,(anonymous_0)
FN:187,resolveHealthState
FN:196,(anonymous_2)
FNF:3
FNH:3
FNDA:13,(anonymous_0)
FNDA:55,resolveHealthState
FNDA:55,(anonymous_2)
DA:34,4
DA:106,4
DA:107,13
DA:108,13
DA:149,4
DA:188,55
DA:189,4
DA:190,4
DA:191,3
DA:192,2
DA:193,1
DA:196,4
DA:197,55
DA:198,55
LF:14
LH:14
BRDA:106,0,0,13
BRDA:107,1,0,13
BRDA:107,1,1,2
BRDA:188,2,0,51
BRDA:188,2,1,4
BRDA:189,3,0,0
BRDA:189,3,1,4
BRDA:190,4,0,1
BRDA:190,4,1,3
BRDA:191,5,0,1
BRDA:191,5,1,2
BRDA:192,6,0,1
BRDA:192,6,1,1
BRDA:227,7,0,55
BRDA:227,7,1,35
BRF:15
BRH:14
end_of_record
TN:
SF:src\components\VirtualTable.tsx
FN:58,getRowKeyValue
FN:64,getCellValue
FN:71,VirtualTableInner
FN:84,(anonymous_3)
FN:85,(anonymous_4)
FN:108,(anonymous_5)
FN:165,(anonymous_6)
FN:189,(anonymous_7)
FN:193,(anonymous_8)
FN:198,(anonymous_9)
FN:239,(anonymous_10)
FNF:11
FNH:8
FNDA:30,getRowKeyValue
FNDA:57,getCellValue
FNDA:12,VirtualTableInner
FNDA:0,(anonymous_3)
FNDA:100,(anonymous_4)
FNDA:23,(anonymous_5)
FNDA:30,(anonymous_6)
FNDA:0,(anonymous_7)
FNDA:0,(anonymous_8)
FNDA:57,(anonymous_9)
FNDA:12,(anonymous_10)
DA:59,30
DA:60,27
DA:61,27
DA:65,57
DA:66,57
DA:80,12
DA:82,12
DA:84,0
DA:85,100
DA:89,12
DA:109,23
DA:110,23
DA:114,23
DA:115,22
DA:116,22
DA:118,1
DA:121,23
DA:122,23
DA:166,30
DA:167,30
DA:168,30
DA:190,0
DA:194,0
DA:199,57
DA:200,57
DA:201,57
DA:206,57
DA:213,57
DA:214,54
DA:215,54
DA:217,3
DA:219,57
DA:220,57
DA:239,4
DA:242,12
DA:244,12
LF:36
LH:33
BRDA:59,0,0,3
BRDA:59,0,1,27
BRDA:61,1,0,27
BRDA:61,1,1,0
BRDA:65,2,0,0
BRDA:65,2,1,57
BRDA:75,3,0,12
BRDA:76,4,0,12
BRDA:77,5,0,12
BRDA:109,6,0,23
BRDA:109,6,1,1
BRDA:109,6,2,0
BRDA:111,7,0,23
BRDA:111,7,1,12
BRDA:114,8,0,22
BRDA:114,8,1,1
BRDA:121,9,0,11
BRDA:121,9,1,12
BRDA:139,10,0,2
BRDA:139,10,1,10
BRDA:148,11,0,2
BRDA:148,11,1,1
BRDA:199,12,0,57
BRDA:199,12,1,3
BRDA:199,12,2,0
BRDA:201,13,0,3
BRDA:201,13,1,54
BRDA:203,14,0,54
BRDA:203,14,1,0
BRDA:207,15,0,57
BRDA:207,15,1,30
BRDA:213,16,0,54
BRDA:213,16,1,3
BRDA:219,17,0,27
BRDA:219,17,1,30
BRF:35
BRH:30
end_of_record
TN:
SF:src\components\index.ts
FNF:0
FNH:0
LF:0
LH:0
BRF:0
BRH:0
end_of_record
TN:
SF:src\components\ui\Button.tsx
FN:69,(anonymous_0)
FN:103,(anonymous_1)
FN:117,(anonymous_2)
FNF:3
FNH:2
FNDA:21,(anonymous_0)
FNDA:4,(anonymous_1)
FNDA:0,(anonymous_2)
DA:23,6
DA:44,6
DA:69,6
DA:78,21
DA:84,21
DA:104,4
DA:105,4
DA:106,4
DA:107,2
DA:109,4
DA:110,1
DA:112,4
DA:113,1
DA:114,1
DA:118,0
DA:119,0
DA:120,0
DA:121,0
DA:123,0
DA:124,0
DA:125,0
LF:21
LH:14
BRDA:70,0,0,21
BRDA:71,1,0,21
BRDA:78,2,0,6
BRDA:78,2,1,15
BRDA:80,3,0,2
BRDA:80,3,1,13
BRDA:97,4,0,3
BRDA:97,4,1,18
BRDA:98,5,0,3
BRDA:98,5,1,18
BRDA:104,6,0,0
BRDA:104,6,1,4
BRDA:104,7,0,4
BRDA:104,7,1,4
BRDA:106,8,0,2
BRDA:106,8,1,2
BRDA:106,9,0,4
BRDA:106,9,1,3
BRDA:109,10,0,1
BRDA:109,10,1,3
BRDA:112,11,0,1
BRDA:112,11,1,3
BRDA:119,12,0,0
BRDA:119,12,1,0
BRDA:120,13,0,0
BRDA:120,13,1,0
BRDA:123,14,0,0
BRDA:123,14,1,0
BRF:28
BRH:21
end_of_record
TN:
SF:src\components\ui\Input.tsx
FN:29,(anonymous_0)
FN:91,(anonymous_1)
FN:100,(anonymous_2)
FNF:3
FNH:3
FNDA:18,(anonymous_0)
FNDA:3,(anonymous_1)
FNDA:1,(anonymous_2)
DA:29,4
DA:40,18
DA:41,18
DA:43,18
DA:92,3
DA:93,1
DA:95,2
DA:96,2
DA:98,3
DA:101,1
DA:104,1
DA:105,1
LF:12
LH:12
BRDA:40,0,0,1
BRDA:40,0,1,17
BRDA:45,1,0,18
BRDA:45,1,1,1
BRDA:57,2,0,18
BRDA:57,2,1,1
BRDA:78,3,0,1
BRDA:78,3,1,17
BRDA:81,4,0,3
BRDA:81,4,1,15
BRDA:83,5,0,1
BRDA:83,5,1,17
BRDA:84,6,0,1
BRDA:84,6,1,17
BRDA:87,7,0,2
BRDA:87,7,1,16
BRDA:88,8,0,2
BRDA:88,8,1,16
BRDA:92,9,0,1
BRDA:92,9,1,2
BRDA:101,10,0,0
BRDA:101,10,1,1
BRDA:109,11,0,18
BRDA:109,11,1,1
BRDA:125,12,0,18
BRDA:125,12,1,3
BRF:26
BRH:25
end_of_record
TN:
SF:src\components\ui\Tag.tsx
FN:55,(anonymous_0)
FN:75,(anonymous_1)
FN:86,(anonymous_2)
FN:89,(anonymous_3)
FNF:4
FNH:2
FNDA:14,(anonymous_0)
FNDA:2,(anonymous_1)
FNDA:0,(anonymous_2)
FNDA:0,(anonymous_3)
DA:22,4
DA:55,4
DA:56,14
DA:76,2
DA:77,2
DA:87,0
DA:90,0
LF:7
LH:5
BRDA:55,0,0,14
BRDA:73,1,0,14
BRDA:73,1,1,3
BRF:3
BRH:3
end_of_record
TN:
SF:src\contexts\auth.ts
FN:12,parseJwtExpiry
FN:23,isTokenExpired
FN:30,willExpireSoon
FN:36,loadStoredUser
FN:77,getUserRoles
FN:84,(anonymous_5)
FN:90,(anonymous_6)
FN:99,(anonymous_7)
FN:108,(anonymous_8)
FN:114,(anonymous_9)
FN:116,(anonymous_10)
FN:130,(anonymous_11)
FN:136,(anonymous_12)
FN:144,(anonymous_13)
FNF:14
FNH:14
FNDA:17,parseJwtExpiry
FNDA:11,isTokenExpired
FNDA:6,willExpireSoon
FNDA:8,loadStoredUser
FNDA:12,getUserRoles
FNDA:61,(anonymous_5)
FNDA:5,(anonymous_6)
FNDA:1,(anonymous_7)
FNDA:1,(anonymous_8)
FNDA:5,(anonymous_9)
FNDA:15,(anonymous_10)
FNDA:7,(anonymous_11)
FNDA:5,(anonymous_12)
FNDA:25,(anonymous_13)
DA:7,61
DA:8,61
DA:9,61
DA:13,17
DA:14,17
DA:15,17
DA:16,11
DA:17,11
DA:19,0
DA:24,11
DA:25,11
DA:26,6
DA:31,6
DA:32,6
DA:33,5
DA:37,8
DA:38,8
DA:39,8
DA:41,0
DA:64,61
DA:65,61
DA:66,61
DA:67,61
DA:69,2
DA:70,2
DA:78,12
DA:79,10
DA:80,6
DA:81,2
DA:84,61
DA:91,5
DA:92,5
DA:93,5
DA:94,5
DA:96,5
DA:100,1
DA:101,1
DA:102,1
DA:103,1
DA:105,1
DA:109,1
DA:110,1
DA:111,1
DA:114,5
DA:117,15
DA:118,15
DA:119,15
DA:120,15
DA:121,14
DA:122,14
DA:123,14
DA:124,14
DA:126,1
DA:131,7
DA:132,7
DA:133,7
DA:137,5
DA:138,5
DA:139,3
DA:144,61
DA:145,25
DA:146,12
LF:62
LH:60
BRDA:15,0,0,6
BRDA:15,0,1,11
BRDA:17,1,0,11
BRDA:17,1,1,0
BRDA:25,2,0,5
BRDA:25,2,1,6
BRDA:30,3,0,6
BRDA:32,4,0,1
BRDA:32,4,1,5
BRDA:39,5,0,4
BRDA:39,5,1,4
BRDA:66,6,0,61
BRDA:66,6,1,9
BRDA:67,7,0,2
BRDA:67,7,1,59
BRDA:67,8,0,61
BRDA:67,8,1,9
BRDA:78,9,0,2
BRDA:78,9,1,10
BRDA:79,10,0,4
BRDA:79,10,1,6
BRDA:79,11,0,10
BRDA:79,11,1,6
BRDA:80,12,0,4
BRDA:80,12,1,2
BRDA:85,13,0,7
BRDA:85,13,1,54
BRDA:86,14,0,7
BRDA:86,14,1,54
BRDA:114,15,0,5
BRDA:114,15,1,4
BRDA:119,16,0,15
BRDA:119,16,1,2
BRDA:120,17,0,14
BRDA:120,17,1,1
BRDA:138,18,0,2
BRDA:138,18,1,3
BRDA:145,19,0,12
BRDA:145,19,1,13
BRF:39
BRH:38
end_of_record
TN:
SF:src\contexts\theme.tsx
FN:24,getInitialMode
FN:34,(anonymous_1)
FN:38,(anonymous_2)
FN:49,(anonymous_3)
FN:49,(anonymous_4)
FN:58,useTheme
FN:65,useThemeTokens
FNF:7
FNH:7
FNDA:11,getInitialMode
FNDA:15,(anonymous_1)
FNDA:15,(anonymous_2)
FNDA:4,(anonymous_3)
FNDA:4,(anonymous_4)
FNDA:22,useTheme
FNDA:4,useThemeTokens
DA:20,2
DA:22,2
DA:25,11
DA:26,11
DA:27,11
DA:31,7
DA:34,2
DA:35,15
DA:38,15
DA:39,15
DA:40,15
DA:41,9
DA:42,15
DA:43,15
DA:49,15
DA:51,15
DA:59,22
DA:60,22
DA:61,17
DA:66,4
DA:67,4
LF:21
LH:21
BRDA:27,0,0,4
BRDA:27,0,1,7
BRDA:27,1,0,11
BRDA:27,1,1,7
BRDA:40,2,0,6
BRDA:40,2,1,9
BRDA:49,3,0,3
BRDA:49,3,1,1
BRDA:60,4,0,4
BRDA:60,4,1,18
BRDA:67,5,0,2
BRDA:67,5,1,2
BRF:12
BRH:12
end_of_record
TN:
SF:src\hooks\index.ts
FNF:0
FNH:0
LF:0
LH:0
BRF:0
BRH:0
end_of_record
TN:
SF:src\hooks\useApiQuery.ts
FN:38,useApiListQuery
FN:41,(anonymous_1)
FN:54,useApiQuery
FN:57,(anonymous_3)
FN:73,useApiRawQuery
FN:76,(anonymous_5)
FNF:6
FNH:6
FNDA:4,useApiListQuery
FNDA:2,(anonymous_1)
FNDA:7,useApiQuery
FNDA:3,(anonymous_3)
FNDA:2,useApiRawQuery
FNDA:1,(anonymous_5)
DA:39,4
DA:42,2
DA:43,2
DA:55,7
DA:58,3
DA:59,2
DA:74,2
DA:77,1
LF:8
LH:8
BRDA:43,0,0,2
BRDA:43,0,1,1
BRDA:46,1,0,4
BRDA:46,1,1,4
BRDA:47,2,0,4
BRDA:47,2,1,4
BRDA:63,3,0,7
BRDA:63,3,1,7
BRDA:64,4,0,7
BRDA:64,4,1,7
BRDA:81,5,0,2
BRDA:81,5,1,2
BRDA:82,6,0,2
BRDA:82,6,1,2
BRF:14
BRH:14
end_of_record
TN:
SF:src\i18n\index.ts
FN:31,getInitialLanguage
FN:61,(anonymous_1)
FNF:2
FNH:2
FNDA:26,getInitialLanguage
FNDA:20,(anonymous_1)
DA:22,26
DA:29,26
DA:32,26
DA:33,26
DA:34,26
DA:39,26
DA:40,26
DA:41,26
DA:44,26
DA:61,26
DA:62,20
DA:63,20
LF:12
LH:12
BRDA:34,0,0,0
BRDA:34,0,1,26
BRDA:34,1,0,26
BRDA:34,1,1,26
BRDA:40,2,0,0
BRDA:40,2,1,26
BRF:6
BRH:4
end_of_record
TN:
SF:src\pages\Conversations.tsx
FN:35,(anonymous_0)
FN:56,(anonymous_1)
FN:58,(anonymous_2)
FN:61,(anonymous_3)
FN:66,(anonymous_4)
FN:71,(anonymous_5)
FN:75,(anonymous_6)
FN:140,(anonymous_7)
FN:145,(anonymous_8)
FN:284,(anonymous_9)
FNF:10
FNH:9
FNDA:25,(anonymous_0)
FNDA:15,(anonymous_1)
FNDA:2,(anonymous_2)
FNDA:2,(anonymous_3)
FNDA:8,(anonymous_4)
FNDA:1,(anonymous_5)
FNDA:0,(anonymous_6)
FNDA:23,(anonymous_7)
FNDA:8,(anonymous_8)
FNDA:3,(anonymous_9)
DA:33,1
DA:35,1
DA:36,25
DA:37,25
DA:38,25
DA:39,25
DA:42,25
DA:43,25
DA:46,25
DA:48,25
DA:49,25
DA:51,25
DA:56,25
DA:57,15
DA:58,2
DA:59,2
DA:61,2
DA:66,25
DA:67,8
DA:68,8
DA:71,25
DA:72,1
DA:75,25
DA:76,0
DA:77,0
DA:78,0
DA:79,0
DA:80,0
DA:81,0
DA:83,0
DA:92,25
DA:141,23
DA:145,8
DA:156,25
DA:285,3
DA:332,25
LF:36
LH:29
BRDA:49,0,0,25
BRDA:49,0,1,1
BRDA:51,1,0,25
BRDA:52,2,0,25
BRDA:52,2,1,15
BRDA:57,3,0,2
BRDA:57,3,1,13
BRDA:68,4,0,3
BRDA:68,4,1,5
BRDA:79,5,0,0
BRDA:79,5,1,0
BRDA:81,6,0,0
BRDA:81,6,1,0
BRDA:94,7,0,8
BRDA:94,7,1,16
BRDA:99,8,0,8
BRDA:99,8,1,16
BRDA:128,9,0,1
BRDA:128,9,1,23
BRDA:132,10,0,2
BRDA:132,10,1,21
BRDA:162,11,0,8
BRDA:162,11,1,16
BRDA:174,12,0,9
BRDA:174,12,1,15
BRDA:179,13,0,4
BRDA:179,13,1,5
BRDA:187,14,0,9
BRDA:187,14,1,4
BRDA:226,15,0,9
BRDA:226,15,1,1
BRDA:237,16,0,9
BRDA:237,16,1,9
BRDA:254,17,0,4
BRDA:254,17,1,5
BRDA:257,18,0,1
BRDA:257,18,1,8
BRDA:268,19,0,6
BRDA:268,19,1,2
BRDA:340,20,0,8
BRDA:340,20,1,16
BRDA:351,21,0,5
BRDA:351,21,1,3
BRDA:351,22,0,8
BRDA:351,22,1,3
BRF:45
BRH:41
end_of_record
TN:
SF:src\pages\Dashboard.tsx
FN:19,(anonymous_0)
FN:53,(anonymous_1)
FNF:2
FNH:2
FNDA:8,(anonymous_0)
FNDA:3,(anonymous_1)
DA:19,1
DA:20,8
DA:22,8
DA:54,3
LF:4
LH:4
BRDA:24,0,0,8
BRDA:24,0,1,1
BRDA:52,1,0,1
BRDA:52,1,1,7
BRDA:52,2,0,8
BRDA:52,2,1,2
BRF:6
BRH:6
end_of_record
TN:
SF:src\pages\Login.tsx
FN:17,(anonymous_0)
FN:19,(anonymous_1)
FN:24,(anonymous_2)
FNF:3
FNH:3
FNDA:13,(anonymous_0)
FNDA:14,(anonymous_1)
FNDA:3,(anonymous_2)
DA:15,1
DA:17,1
DA:18,13
DA:19,14
DA:20,13
DA:21,13
DA:22,13
DA:24,13
DA:25,3
DA:26,3
DA:27,3
DA:28,2
DA:30,2
DA:36,3
DA:37,3
DA:41,1
DA:42,0
DA:45,3
DA:49,13
LF:19
LH:18
BRDA:34,0,0,2
BRDA:34,0,1,1
BRDA:41,1,0,0
BRDA:41,1,1,1
BRF:4
BRH:3
end_of_record
TN:
SF:src\pages\admin\Tenants.tsx
FN:65,(anonymous_0)
FN:83,(anonymous_1)
FN:113,(anonymous_2)
FN:122,(anonymous_3)
FN:124,(anonymous_4)
FN:133,(anonymous_5)
FN:135,(anonymous_6)
FN:142,(anonymous_7)
FN:144,(anonymous_8)
FN:151,(anonymous_9)
FN:153,(anonymous_10)
FN:162,(anonymous_11)
FN:164,(anonymous_12)
FN:174,(anonymous_13)
FN:176,(anonymous_14)
FN:181,(anonymous_15)
FN:182,(anonymous_16)
FN:187,(anonymous_17)
FN:189,(anonymous_18)
FN:194,(anonymous_19)
FN:202,(anonymous_20)
FN:214,(anonymous_21)
FN:223,(anonymous_22)
FN:234,(anonymous_23)
FN:236,(anonymous_24)
FN:250,(anonymous_25)
FN:251,(anonymous_26)
FN:261,(anonymous_27)
FN:272,(anonymous_28)
FN:273,(anonymous_29)
FN:282,(anonymous_30)
FN:283,(anonymous_31)
FN:292,(anonymous_32)
FN:298,(anonymous_33)
FN:301,(anonymous_34)
FN:308,(anonymous_35)
FN:332,(anonymous_36)
FN:340,(anonymous_37)
FN:366,(anonymous_38)
FN:373,(anonymous_39)
FN:389,(anonymous_40)
FN:395,(anonymous_41)
FN:399,(anonymous_42)
FN:426,(anonymous_43)
FN:443,(anonymous_44)
FN:451,(anonymous_45)
FN:466,(anonymous_46)
FN:477,(anonymous_47)
FN:508,(anonymous_48)
FN:520,(anonymous_49)
FN:538,(anonymous_50)
FN:604,(anonymous_51)
FN:621,(anonymous_52)
FN:623,(anonymous_53)
FN:628,(anonymous_54)
FN:630,(anonymous_55)
FN:647,(anonymous_56)
FN:657,(anonymous_57)
FN:673,(anonymous_58)
FN:679,(anonymous_59)
FN:700,(anonymous_60)
FNF:61
FNH:29
FNDA:29,(anonymous_0)
FNDA:0,(anonymous_1)
FNDA:0,(anonymous_2)
FNDA:0,(anonymous_3)
FNDA:0,(anonymous_4)
FNDA:0,(anonymous_5)
FNDA:0,(anonymous_6)
FNDA:0,(anonymous_7)
FNDA:0,(anonymous_8)
FNDA:0,(anonymous_9)
FNDA:0,(anonymous_10)
FNDA:0,(anonymous_11)
FNDA:0,(anonymous_12)
FNDA:0,(anonymous_13)
FNDA:0,(anonymous_14)
FNDA:0,(anonymous_15)
FNDA:0,(anonymous_16)
FNDA:0,(anonymous_17)
FNDA:0,(anonymous_18)
FNDA:1,(anonymous_19)
FNDA:0,(anonymous_20)
FNDA:0,(anonymous_21)
FNDA:0,(anonymous_22)
FNDA:0,(anonymous_23)
FNDA:0,(anonymous_24)
FNDA:54,(anonymous_25)
FNDA:1,(anonymous_26)
FNDA:54,(anonymous_27)
FNDA:54,(anonymous_28)
FNDA:135,(anonymous_29)
FNDA:54,(anonymous_30)
FNDA:81,(anonymous_31)
FNDA:54,(anonymous_32)
FNDA:54,(anonymous_33)
FNDA:2,(anonymous_34)
FNDA:1,(anonymous_35)
FNDA:1,(anonymous_36)
FNDA:1,(anonymous_37)
FNDA:2,(anonymous_38)
FNDA:0,(anonymous_39)
FNDA:2,(anonymous_40)
FNDA:2,(anonymous_41)
FNDA:0,(anonymous_42)
FNDA:2,(anonymous_43)
FNDA:84,(anonymous_44)
FNDA:84,(anonymous_45)
FNDA:47,(anonymous_46)
FNDA:0,(anonymous_47)
FNDA:84,(anonymous_48)
FNDA:0,(anonymous_49)
FNDA:6,(anonymous_50)
FNDA:0,(anonymous_51)
FNDA:6,(anonymous_52)
FNDA:6,(anonymous_53)
FNDA:3,(anonymous_54)
FNDA:3,(anonymous_55)
FNDA:6,(anonymous_56)
FNDA:0,(anonymous_57)
FNDA:0,(anonymous_58)
FNDA:0,(anonymous_59)
FNDA:0,(anonymous_60)
DA:44,1
DA:45,1
DA:47,1
DA:53,1
DA:59,1
DA:65,1
DA:66,29
DA:67,29
DA:68,29
DA:69,29
DA:71,29
DA:72,29
DA:73,29
DA:74,29
DA:75,29
DA:78,29
DA:79,29
DA:80,29
DA:81,29
DA:83,29
DA:85,29
DA:96,29
DA:102,29
DA:109,29
DA:114,0
DA:115,0
DA:116,0
DA:120,29
DA:122,0
DA:125,0
DA:126,0
DA:127,0
DA:131,29
DA:133,0
DA:136,0
DA:140,29
DA:142,0
DA:145,0
DA:149,29
DA:151,0
DA:154,0
DA:155,0
DA:156,0
DA:160,29
DA:162,0
DA:165,0
DA:169,29
DA:174,0
DA:177,0
DA:181,29
DA:182,0
DA:183,0
DA:187,29
DA:188,0
DA:189,0
DA:190,0
DA:194,29
DA:196,1
DA:197,1
DA:203,0
DA:204,0
DA:206,0
DA:214,29
DA:216,0
DA:217,0
DA:224,0
DA:234,29
DA:235,0
DA:236,0
DA:237,0
DA:244,29
DA:251,54
DA:262,54
DA:273,135
DA:274,54
DA:283,81
DA:284,54
DA:292,54
DA:299,54
DA:301,2
DA:309,1
DA:310,1
DA:332,1
DA:340,1
DA:348,29
DA:367,2
DA:374,0
DA:375,0
DA:389,2
DA:396,2
DA:399,0
DA:408,29
DA:409,1
DA:416,28
DA:426,2
DA:443,84
DA:451,84
DA:466,47
DA:477,0
DA:508,84
DA:520,0
DA:538,6
DA:604,0
DA:621,6
DA:623,6
DA:628,3
DA:630,3
DA:648,6
DA:658,0
DA:659,0
DA:673,0
DA:679,0
DA:700,0
LF:113
LH:69
BRDA:188,0,0,0
BRDA:188,0,1,0
BRDA:196,1,0,1
BRDA:196,1,1,0
BRDA:203,2,0,0
BRDA:203,2,1,0
BRDA:216,3,0,0
BRDA:216,3,1,0
BRDA:235,4,0,0
BRDA:235,4,1,0
BRDA:274,5,0,54
BRDA:274,5,1,0
BRDA:284,6,0,54
BRDA:284,6,1,0
BRDA:320,7,0,27
BRDA:320,7,1,27
BRDA:326,8,0,27
BRDA:326,8,1,27
BRDA:374,9,0,0
BRDA:374,9,1,0
BRDA:408,10,0,1
BRDA:408,10,1,28
BRDA:458,11,0,28
BRDA:458,11,1,0
BRDA:463,12,0,29
BRDA:463,12,1,1
BRDA:528,13,0,29
BRDA:528,13,1,2
BRDA:607,14,0,29
BRDA:607,14,1,3
BRDA:637,15,0,3
BRDA:637,15,1,0
BRDA:640,16,0,3
BRDA:640,16,1,0
BRDA:643,17,0,3
BRDA:643,17,1,0
BRDA:646,18,0,3
BRDA:646,18,1,0
BRDA:671,19,0,29
BRDA:671,19,1,27
BRDA:687,20,0,29
BRDA:687,20,1,0
BRF:42
BRH:23
end_of_record
